{"D:\\CW projcet\\survey\\frontend\\src\\App.jsx": {"path":"D:\\CW projcet\\survey\\frontend\\src\\App.jsx","statementMap":{"0":{"start":{"line":16,"column":14},"end":{"line":16,"column":null}},"1":{"start":{"line":17,"column":0},"end":{"line":20,"column":null}},"2":{"start":{"line":18,"column":2},"end":{"line":18,"column":null}},"3":{"start":{"line":19,"column":2},"end":{"line":19,"column":null}},"4":{"start":{"line":23,"column":19},"end":{"line":23,"column":null}},"5":{"start":{"line":23,"column":42},"end":{"line":23,"column":52}}},"fnMap":{"0":{"name":"App","decl":{"start":{"line":22,"column":9},"end":{"line":22,"column":null}},"loc":{"start":{"line":22,"column":9},"end":{"line":39,"column":null}}},"1":{"name":"(anonymous_1)","decl":{"start":{"line":23,"column":31},"end":{"line":23,"column":32}},"loc":{"start":{"line":23,"column":42},"end":{"line":23,"column":52}}}},"branchMap":{"0":{"loc":{"start":{"line":17,"column":0},"end":{"line":20,"column":null}},"type":"if","locations":[{"start":{"line":17,"column":0},"end":{"line":20,"column":null}}]},"1":{"loc":{"start":{"line":28,"column":34},"end":{"line":28,"column":null}},"type":"cond-expr","locations":[{"start":{"line":28,"column":42},"end":{"line":28,"column":54}},{"start":{"line":28,"column":54},"end":{"line":28,"column":null}}]},"2":{"loc":{"start":{"line":31,"column":9},"end":{"line":31,"column":17}},"type":"binary-expr","locations":[{"start":{"line":31,"column":9},"end":{"line":31,"column":17}}]},"3":{"loc":{"start":{"line":32,"column":9},"end":{"line":32,"column":17}},"type":"binary-expr","locations":[{"start":{"line":32,"column":9},"end":{"line":32,"column":17}}]},"4":{"loc":{"start":{"line":33,"column":9},"end":{"line":33,"column":17}},"type":"binary-expr","locations":[{"start":{"line":33,"column":9},"end":{"line":33,"column":17}}]},"5":{"loc":{"start":{"line":34,"column":9},"end":{"line":34,"column":17}},"type":"binary-expr","locations":[{"start":{"line":34,"column":9},"end":{"line":34,"column":17}}]},"6":{"loc":{"start":{"line":35,"column":9},"end":{"line":35,"column":17}},"type":"binary-expr","locations":[{"start":{"line":35,"column":9},"end":{"line":35,"column":17}}]}},"s":{"0":0,"1":0,"2":0,"3":0,"4":0,"5":0},"f":{"0":0,"1":0},"b":{"0":[0],"1":[0,0],"2":[0],"3":[0],"4":[0],"5":[0],"6":[0]}}
,"D:\\CW projcet\\survey\\frontend\\src\\app\\config.js": {"path":"D:\\CW projcet\\survey\\frontend\\src\\app\\config.js","statementMap":{"0":{"start":{"line":1,"column":0},"end":{"line":1,"column":15}},"1":{"start":{"line":1,"column":15},"end":{"line":6,"column":null}}},"fnMap":{},"branchMap":{},"s":{"0":1,"1":1},"f":{},"b":{}}
,"D:\\CW projcet\\survey\\frontend\\src\\components\\header.jsx": {"path":"D:\\CW projcet\\survey\\frontend\\src\\components\\header.jsx","statementMap":{"0":{"start":{"line":12,"column":19},"end":{"line":12,"column":null}},"1":{"start":{"line":13,"column":20},"end":{"line":13,"column":null}},"2":{"start":{"line":15,"column":19},"end":{"line":15,"column":null}},"3":{"start":{"line":15,"column":42},"end":{"line":15,"column":52}},"4":{"start":{"line":18,"column":4},"end":{"line":18,"column":null}},"5":{"start":{"line":19,"column":4},"end":{"line":19,"column":null}},"6":{"start":{"line":63,"column":43},"end":{"line":63,"column":65}}},"fnMap":{"0":{"name":"Header","decl":{"start":{"line":10,"column":9},"end":{"line":10,"column":null}},"loc":{"start":{"line":10,"column":9},"end":{"line":72,"column":null}}},"1":{"name":"(anonymous_1)","decl":{"start":{"line":15,"column":31},"end":{"line":15,"column":32}},"loc":{"start":{"line":15,"column":42},"end":{"line":15,"column":52}}},"2":{"name":"logout","decl":{"start":{"line":17,"column":11},"end":{"line":17,"column":null}},"loc":{"start":{"line":17,"column":11},"end":{"line":20,"column":null}}},"3":{"name":"(anonymous_3)","decl":{"start":{"line":63,"column":35},"end":{"line":63,"column":43}},"loc":{"start":{"line":63,"column":35},"end":{"line":63,"column":68}}}},"branchMap":{},"s":{"0":0,"1":0,"2":0,"3":0,"4":0,"5":0,"6":0},"f":{"0":0,"1":0,"2":0,"3":0},"b":{}}
,"D:\\CW projcet\\survey\\frontend\\src\\components\\liftside.jsx": {"path":"D:\\CW projcet\\survey\\frontend\\src\\components\\liftside.jsx","statementMap":{"0":{"start":{"line":12,"column":19},"end":{"line":12,"column":null}},"1":{"start":{"line":13,"column":20},"end":{"line":13,"column":null}},"2":{"start":{"line":16,"column":4},"end":{"line":16,"column":null}},"3":{"start":{"line":17,"column":4},"end":{"line":17,"column":null}},"4":{"start":{"line":20,"column":21},"end":{"line":81,"column":null}},"5":{"start":{"line":21,"column":4},"end":{"line":80,"column":null}},"6":{"start":{"line":22,"column":6},"end":{"line":33,"column":null}},"7":{"start":{"line":36,"column":9},"end":{"line":80,"column":null}},"8":{"start":{"line":37,"column":6},"end":{"line":48,"column":null}},"9":{"start":{"line":51,"column":9},"end":{"line":80,"column":null}},"10":{"start":{"line":52,"column":6},"end":{"line":63,"column":null}},"11":{"start":{"line":67,"column":6},"end":{"line":78,"column":null}},"12":{"start":{"line":101,"column":51},"end":{"line":101,"column":71}},"13":{"start":{"line":101,"column":71},"end":{"line":101,"column":80}}},"fnMap":{"0":{"name":"LiftSide","decl":{"start":{"line":10,"column":9},"end":{"line":10,"column":18}},"loc":{"start":{"line":10,"column":23},"end":{"line":109,"column":null}}},"1":{"name":"logout","decl":{"start":{"line":15,"column":11},"end":{"line":15,"column":null}},"loc":{"start":{"line":15,"column":11},"end":{"line":18,"column":null}}},"2":{"name":"(anonymous_2)","decl":{"start":{"line":20,"column":21},"end":{"line":20,"column":null}},"loc":{"start":{"line":20,"column":21},"end":{"line":81,"column":null}}},"3":{"name":"(anonymous_3)","decl":{"start":{"line":101,"column":44},"end":{"line":101,"column":51}},"loc":{"start":{"line":101,"column":44},"end":{"line":101,"column":83}}}},"branchMap":{"0":{"loc":{"start":{"line":21,"column":4},"end":{"line":80,"column":null}},"type":"if","locations":[{"start":{"line":21,"column":4},"end":{"line":80,"column":null}},{"start":{"line":36,"column":9},"end":{"line":80,"column":null}}]},"1":{"loc":{"start":{"line":36,"column":9},"end":{"line":80,"column":null}},"type":"if","locations":[{"start":{"line":36,"column":9},"end":{"line":80,"column":null}},{"start":{"line":51,"column":9},"end":{"line":80,"column":null}}]},"2":{"loc":{"start":{"line":51,"column":9},"end":{"line":80,"column":null}},"type":"if","locations":[{"start":{"line":51,"column":9},"end":{"line":80,"column":null}},{"start":{"line":66,"column":9},"end":{"line":80,"column":null}}]},"3":{"loc":{"start":{"line":91,"column":13},"end":{"line":91,"column":35}},"type":"binary-expr","locations":[{"start":{"line":91,"column":13},"end":{"line":91,"column":35}}]},"4":{"loc":{"start":{"line":96,"column":14},"end":{"line":96,"column":36}},"type":"binary-expr","locations":[{"start":{"line":96,"column":14},"end":{"line":96,"column":36}}]}},"s":{"0":0,"1":0,"2":0,"3":0,"4":0,"5":0,"6":0,"7":0,"8":0,"9":0,"10":0,"11":0,"12":0,"13":0},"f":{"0":0,"1":0,"2":0,"3":0},"b":{"0":[0,0],"1":[0,0],"2":[0,0],"3":[0],"4":[0]}}
,"D:\\CW projcet\\survey\\frontend\\src\\features\\storeSlice.js": {"path":"D:\\CW projcet\\survey\\frontend\\src\\features\\storeSlice.js","statementMap":{"0":{"start":{"line":6,"column":19},"end":{"line":6,"column":36}},"1":{"start":{"line":8,"column":20},"end":{"line":11,"column":3}},"2":{"start":{"line":9,"column":19},"end":{"line":9,"column":null}},"3":{"start":{"line":10,"column":2},"end":{"line":10,"column":null}},"4":{"start":{"line":13,"column":30},"end":{"line":18,"column":null}},"5":{"start":{"line":16,"column":21},"end":{"line":16,"column":null}},"6":{"start":{"line":17,"column":4},"end":{"line":17,"column":null}},"7":{"start":{"line":21,"column":27},"end":{"line":26,"column":null}},"8":{"start":{"line":24,"column":21},"end":{"line":24,"column":null}},"9":{"start":{"line":25,"column":4},"end":{"line":25,"column":null}},"10":{"start":{"line":29,"column":26},"end":{"line":86,"column":3}},"11":{"start":{"line":39,"column":6},"end":{"line":39,"column":null}},"12":{"start":{"line":42,"column":6},"end":{"line":42,"column":null}},"13":{"start":{"line":47,"column":6},"end":{"line":47,"column":null}},"14":{"start":{"line":50,"column":8},"end":{"line":50,"column":null}},"15":{"start":{"line":51,"column":8},"end":{"line":51,"column":null}},"16":{"start":{"line":54,"column":6},"end":{"line":54,"column":null}},"17":{"start":{"line":55,"column":6},"end":{"line":55,"column":null}},"18":{"start":{"line":59,"column":6},"end":{"line":59,"column":null}},"19":{"start":{"line":60,"column":6},"end":{"line":60,"column":null}},"20":{"start":{"line":63,"column":6},"end":{"line":63,"column":null}},"21":{"start":{"line":64,"column":6},"end":{"line":64,"column":null}},"22":{"start":{"line":65,"column":6},"end":{"line":65,"column":null}},"23":{"start":{"line":68,"column":6},"end":{"line":68,"column":null}},"24":{"start":{"line":69,"column":6},"end":{"line":69,"column":null}},"25":{"start":{"line":70,"column":6},"end":{"line":70,"column":null}},"26":{"start":{"line":74,"column":6},"end":{"line":74,"column":null}},"27":{"start":{"line":75,"column":6},"end":{"line":75,"column":null}},"28":{"start":{"line":78,"column":6},"end":{"line":78,"column":null}},"29":{"start":{"line":79,"column":6},"end":{"line":79,"column":null}},"30":{"start":{"line":82,"column":6},"end":{"line":82,"column":null}},"31":{"start":{"line":83,"column":6},"end":{"line":83,"column":null}},"32":{"start":{"line":87,"column":43},"end":{"line":87,"column":61}}},"fnMap":{"0":{"name":"(anonymous_0)","decl":{"start":{"line":8,"column":46},"end":{"line":8,"column":null}},"loc":{"start":{"line":8,"column":46},"end":{"line":11,"column":3}}},"1":{"name":"(anonymous_1)","decl":{"start":{"line":15,"column":2},"end":{"line":15,"column":9}},"loc":{"start":{"line":15,"column":9},"end":{"line":18,"column":null}}},"2":{"name":"(anonymous_2)","decl":{"start":{"line":23,"column":2},"end":{"line":23,"column":9}},"loc":{"start":{"line":23,"column":9},"end":{"line":26,"column":null}}},"3":{"name":"(anonymous_3)","decl":{"start":{"line":38,"column":16},"end":{"line":38,"column":17}},"loc":{"start":{"line":38,"column":17},"end":{"line":40,"column":null}}},"4":{"name":"(anonymous_4)","decl":{"start":{"line":41,"column":17},"end":{"line":41,"column":18}},"loc":{"start":{"line":41,"column":18},"end":{"line":43,"column":null}}},"5":{"name":"(anonymous_5)","decl":{"start":{"line":46,"column":20},"end":{"line":46,"column":21}},"loc":{"start":{"line":46,"column":21},"end":{"line":48,"column":null}}},"6":{"name":"(anonymous_6)","decl":{"start":{"line":49,"column":22},"end":{"line":49,"column":23}},"loc":{"start":{"line":49,"column":41},"end":{"line":52,"column":null}}},"7":{"name":"(anonymous_7)","decl":{"start":{"line":53,"column":21},"end":{"line":53,"column":22}},"loc":{"start":{"line":53,"column":29},"end":{"line":56,"column":null}}},"8":{"name":"(anonymous_8)","decl":{"start":{"line":58,"column":30},"end":{"line":58,"column":31}},"loc":{"start":{"line":58,"column":49},"end":{"line":61,"column":null}}},"9":{"name":"(anonymous_9)","decl":{"start":{"line":62,"column":32},"end":{"line":62,"column":33}},"loc":{"start":{"line":62,"column":51},"end":{"line":66,"column":null}}},"10":{"name":"(anonymous_10)","decl":{"start":{"line":67,"column":31},"end":{"line":67,"column":32}},"loc":{"start":{"line":67,"column":39},"end":{"line":71,"column":null}}},"11":{"name":"(anonymous_11)","decl":{"start":{"line":73,"column":27},"end":{"line":73,"column":28}},"loc":{"start":{"line":73,"column":28},"end":{"line":76,"column":null}}},"12":{"name":"(anonymous_12)","decl":{"start":{"line":77,"column":29},"end":{"line":77,"column":30}},"loc":{"start":{"line":77,"column":48},"end":{"line":80,"column":null}}},"13":{"name":"(anonymous_13)","decl":{"start":{"line":81,"column":28},"end":{"line":81,"column":29}},"loc":{"start":{"line":81,"column":36},"end":{"line":84,"column":null}}}},"branchMap":{},"s":{"0":0,"1":0,"2":0,"3":0,"4":0,"5":0,"6":0,"7":0,"8":0,"9":0,"10":0,"11":0,"12":0,"13":0,"14":0,"15":0,"16":0,"17":0,"18":0,"19":0,"20":0,"21":0,"22":0,"23":0,"24":0,"25":0,"26":0,"27":0,"28":0,"29":0,"30":0,"31":0,"32":0},"f":{"0":0,"1":0,"2":0,"3":0,"4":0,"5":0,"6":0,"7":0,"8":0,"9":0,"10":0,"11":0,"12":0,"13":0},"b":{}}
,"D:\\CW projcet\\survey\\frontend\\src\\features\\userSlice.js": {"path":"D:\\CW projcet\\survey\\frontend\\src\\features\\userSlice.js","statementMap":{"0":{"start":{"line":89,"column":0},"end":{"line":89,"column":15}},"1":{"start":{"line":88,"column":15},"end":{"line":88,"column":23}},"2":{"start":{"line":27,"column":13},"end":{"line":27,"column":20}},"3":{"start":{"line":88,"column":25},"end":{"line":88,"column":31}},"4":{"start":{"line":88,"column":33},"end":{"line":88,"column":43}},"5":{"start":{"line":19,"column":13},"end":{"line":19,"column":24}},"6":{"start":{"line":7,"column":13},"end":{"line":7,"column":19}},"7":{"start":{"line":32,"column":13},"end":{"line":32,"column":22}},"8":{"start":{"line":1,"column":46},"end":{"line":1,"column":null}},"9":{"start":{"line":2,"column":18},"end":{"line":2,"column":null}},"10":{"start":{"line":3,"column":19},"end":{"line":3,"column":null}},"11":{"start":{"line":5,"column":19},"end":{"line":5,"column":36}},"12":{"start":{"line":7,"column":22},"end":{"line":17,"column":null}},"13":{"start":{"line":8,"column":2},"end":{"line":16,"column":null}},"14":{"start":{"line":9,"column":21},"end":{"line":9,"column":null}},"15":{"start":{"line":10,"column":4},"end":{"line":10,"column":null}},"16":{"start":{"line":12,"column":4},"end":{"line":14,"column":null}},"17":{"start":{"line":13,"column":6},"end":{"line":13,"column":null}},"18":{"start":{"line":15,"column":4},"end":{"line":15,"column":null}},"19":{"start":{"line":19,"column":27},"end":{"line":24,"column":null}},"20":{"start":{"line":22,"column":21},"end":{"line":22,"column":null}},"21":{"start":{"line":23,"column":4},"end":{"line":23,"column":null}},"22":{"start":{"line":27,"column":23},"end":{"line":30,"column":null}},"23":{"start":{"line":28,"column":19},"end":{"line":28,"column":null}},"24":{"start":{"line":29,"column":2},"end":{"line":29,"column":null}},"25":{"start":{"line":32,"column":25},"end":{"line":87,"column":null}},"26":{"start":{"line":41,"column":6},"end":{"line":41,"column":null}},"27":{"start":{"line":44,"column":6},"end":{"line":44,"column":null}},"28":{"start":{"line":45,"column":6},"end":{"line":45,"column":null}},"29":{"start":{"line":46,"column":6},"end":{"line":46,"column":null}},"30":{"start":{"line":49,"column":6},"end":{"line":49,"column":null}},"31":{"start":{"line":54,"column":6},"end":{"line":54,"column":null}},"32":{"start":{"line":57,"column":6},"end":{"line":66,"column":null}},"33":{"start":{"line":58,"column":8},"end":{"line":58,"column":null}},"34":{"start":{"line":59,"column":8},"end":{"line":59,"column":null}},"35":{"start":{"line":60,"column":8},"end":{"line":60,"column":null}},"36":{"start":{"line":61,"column":8},"end":{"line":61,"column":null}},"37":{"start":{"line":62,"column":8},"end":{"line":62,"column":null}},"38":{"start":{"line":64,"column":8},"end":{"line":64,"column":null}},"39":{"start":{"line":65,"column":8},"end":{"line":65,"column":null}},"40":{"start":{"line":69,"column":6},"end":{"line":69,"column":null}},"41":{"start":{"line":70,"column":6},"end":{"line":70,"column":null}},"42":{"start":{"line":71,"column":6},"end":{"line":71,"column":null}},"43":{"start":{"line":74,"column":6},"end":{"line":74,"column":null}},"44":{"start":{"line":75,"column":6},"end":{"line":75,"column":null}},"45":{"start":{"line":78,"column":6},"end":{"line":80,"column":null}},"46":{"start":{"line":79,"column":8},"end":{"line":79,"column":null}},"47":{"start":{"line":83,"column":6},"end":{"line":83,"column":null}},"48":{"start":{"line":84,"column":6},"end":{"line":84,"column":null}},"49":{"start":{"line":88,"column":48},"end":{"line":88,"column":65}},"50":{"start":{"line":89,"column":15},"end":{"line":89,"column":32}}},"fnMap":{"0":{"name":"(anonymous_10)","decl":{"start":{"line":7,"column":49},"end":{"line":7,"column":56}},"loc":{"start":{"line":7,"column":56},"end":{"line":17,"column":null}}},"1":{"name":"(anonymous_11)","decl":{"start":{"line":21,"column":2},"end":{"line":21,"column":9}},"loc":{"start":{"line":21,"column":9},"end":{"line":24,"column":null}}},"2":{"name":"(anonymous_12)","decl":{"start":{"line":27,"column":55},"end":{"line":27,"column":null}},"loc":{"start":{"line":27,"column":55},"end":{"line":30,"column":null}}},"3":{"name":"(anonymous_13)","decl":{"start":{"line":40,"column":14},"end":{"line":40,"column":15}},"loc":{"start":{"line":40,"column":15},"end":{"line":42,"column":null}}},"4":{"name":"(anonymous_14)","decl":{"start":{"line":43,"column":12},"end":{"line":43,"column":13}},"loc":{"start":{"line":43,"column":13},"end":{"line":47,"column":null}}},"5":{"name":"(anonymous_15)","decl":{"start":{"line":48,"column":16},"end":{"line":48,"column":17}},"loc":{"start":{"line":48,"column":17},"end":{"line":50,"column":null}}},"6":{"name":"(anonymous_16)","decl":{"start":{"line":53,"column":22},"end":{"line":53,"column":23}},"loc":{"start":{"line":53,"column":23},"end":{"line":55,"column":null}}},"7":{"name":"(anonymous_17)","decl":{"start":{"line":56,"column":24},"end":{"line":56,"column":25}},"loc":{"start":{"line":56,"column":43},"end":{"line":67,"column":null}}},"8":{"name":"(anonymous_18)","decl":{"start":{"line":68,"column":23},"end":{"line":68,"column":24}},"loc":{"start":{"line":68,"column":31},"end":{"line":72,"column":null}}},"9":{"name":"(anonymous_19)","decl":{"start":{"line":73,"column":25},"end":{"line":73,"column":26}},"loc":{"start":{"line":73,"column":44},"end":{"line":76,"column":null}}},"10":{"name":"(anonymous_20)","decl":{"start":{"line":77,"column":29},"end":{"line":77,"column":30}},"loc":{"start":{"line":77,"column":48},"end":{"line":81,"column":null}}},"11":{"name":"(anonymous_21)","decl":{"start":{"line":82,"column":28},"end":{"line":82,"column":29}},"loc":{"start":{"line":82,"column":36},"end":{"line":85,"column":null}}}},"branchMap":{"0":{"loc":{"start":{"line":12,"column":4},"end":{"line":14,"column":null}},"type":"if","locations":[{"start":{"line":12,"column":4},"end":{"line":14,"column":null}}]},"1":{"loc":{"start":{"line":37,"column":11},"end":{"line":37,"column":null}},"type":"binary-expr","locations":[{"start":{"line":37,"column":11},"end":{"line":37,"column":44}},{"start":{"line":37,"column":44},"end":{"line":37,"column":null}}]},"2":{"loc":{"start":{"line":57,"column":6},"end":{"line":66,"column":null}},"type":"if","locations":[{"start":{"line":57,"column":6},"end":{"line":66,"column":null}},{"start":{"line":63,"column":13},"end":{"line":66,"column":null}}]},"3":{"loc":{"start":{"line":78,"column":6},"end":{"line":80,"column":null}},"type":"if","locations":[{"start":{"line":78,"column":6},"end":{"line":80,"column":null}}]}},"s":{"0":0,"1":0,"2":0,"3":0,"4":0,"5":0,"6":1,"7":0,"8":1,"9":1,"10":1,"11":1,"12":1,"13":1,"14":1,"15":1,"16":0,"17":0,"18":0,"19":1,"20":0,"21":0,"22":1,"23":0,"24":0,"25":1,"26":0,"27":0,"28":0,"29":0,"30":0,"31":0,"32":0,"33":0,"34":0,"35":0,"36":0,"37":0,"38":0,"39":0,"40":0,"41":0,"42":0,"43":0,"44":0,"45":0,"46":0,"47":0,"48":0,"49":1,"50":1},"f":{"0":1,"1":0,"2":0,"3":0,"4":0,"5":0,"6":0,"7":0,"8":0,"9":0,"10":0,"11":0},"b":{"0":[0],"1":[1,1],"2":[0,0],"3":[0]}}
,"D:\\CW projcet\\survey\\frontend\\src\\lang\\en.js": {"path":"D:\\CW projcet\\survey\\frontend\\src\\lang\\en.js","statementMap":{"0":{"start":{"line":1,"column":16},"end":{"line":8,"column":null}}},"fnMap":{},"branchMap":{},"s":{"0":0},"f":{},"b":{}}
,"D:\\CW projcet\\survey\\frontend\\src\\lang\\japan.js": {"path":"D:\\CW projcet\\survey\\frontend\\src\\lang\\japan.js","statementMap":{"0":{"start":{"line":1,"column":19},"end":{"line":9,"column":null}}},"fnMap":{},"branchMap":{},"s":{"0":0},"f":{},"b":{}}
,"D:\\CW projcet\\survey\\frontend\\src\\lang\\lang.js": {"path":"D:\\CW projcet\\survey\\frontend\\src\\lang\\lang.js","statementMap":{"0":{"start":{"line":7,"column":18},"end":{"line":7,"column":null}},"1":{"start":{"line":9,"column":2},"end":{"line":18,"column":null}},"2":{"start":{"line":11,"column":6},"end":{"line":11,"column":null}},"3":{"start":{"line":12,"column":6},"end":{"line":12,"column":null}},"4":{"start":{"line":14,"column":6},"end":{"line":14,"column":null}},"5":{"start":{"line":15,"column":6},"end":{"line":15,"column":null}},"6":{"start":{"line":17,"column":6},"end":{"line":17,"column":null}},"7":{"start":{"line":19,"column":2},"end":{"line":19,"column":null}}},"fnMap":{"0":{"name":"(anonymous_0)","decl":{"start":{"line":6,"column":15},"end":{"line":6,"column":24}},"loc":{"start":{"line":6,"column":36},"end":{"line":20,"column":null}}}},"branchMap":{"0":{"loc":{"start":{"line":9,"column":2},"end":{"line":18,"column":null}},"type":"switch","locations":[{"start":{"line":10,"column":4},"end":{"line":12,"column":null}},{"start":{"line":13,"column":4},"end":{"line":15,"column":null}},{"start":{"line":16,"column":4},"end":{"line":17,"column":null}}]},"1":{"loc":{"start":{"line":19,"column":9},"end":{"line":19,"column":null}},"type":"binary-expr","locations":[{"start":{"line":19,"column":9},"end":{"line":19,"column":34}},{"start":{"line":19,"column":34},"end":{"line":19,"column":null}}]}},"s":{"0":0,"1":0,"2":0,"3":0,"4":0,"5":0,"6":0,"7":0},"f":{"0":0},"b":{"0":[0,0,0],"1":[0,0]}}
,"D:\\CW projcet\\survey\\frontend\\src\\pages\\graph.jsx": {"path":"D:\\CW projcet\\survey\\frontend\\src\\pages\\graph.jsx","statementMap":{"0":{"start":{"line":16,"column":21},"end":{"line":34,"column":null}},"1":{"start":{"line":38,"column":19},"end":{"line":38,"column":null}}},"fnMap":{"0":{"name":"ManageStore","decl":{"start":{"line":36,"column":9},"end":{"line":36,"column":null}},"loc":{"start":{"line":36,"column":9},"end":{"line":52,"column":null}}}},"branchMap":{},"s":{"0":0,"1":0},"f":{"0":0},"b":{}}
,"D:\\CW projcet\\survey\\frontend\\src\\pages\\home.jsx": {"path":"D:\\CW projcet\\survey\\frontend\\src\\pages\\home.jsx","statementMap":{"0":{"start":{"line":10,"column":20},"end":{"line":16,"column":null}},"1":{"start":{"line":20,"column":19},"end":{"line":20,"column":null}},"2":{"start":{"line":22,"column":20},"end":{"line":22,"column":null}},"3":{"start":{"line":22,"column":43},"end":{"line":22,"column":53}},"4":{"start":{"line":24,"column":2},"end":{"line":25,"column":null}}},"fnMap":{"0":{"name":"Home","decl":{"start":{"line":18,"column":9},"end":{"line":18,"column":null}},"loc":{"start":{"line":18,"column":9},"end":{"line":38,"column":null}}},"1":{"name":"(anonymous_1)","decl":{"start":{"line":22,"column":32},"end":{"line":22,"column":33}},"loc":{"start":{"line":22,"column":43},"end":{"line":22,"column":53}}},"2":{"name":"(anonymous_2)","decl":{"start":{"line":24,"column":12},"end":{"line":24,"column":null}},"loc":{"start":{"line":24,"column":12},"end":{"line":25,"column":5}}}},"branchMap":{},"s":{"0":0,"1":0,"2":0,"3":0,"4":0},"f":{"0":0,"1":0,"2":0},"b":{}}
,"D:\\CW projcet\\survey\\frontend\\src\\pages\\login.jsx": {"path":"D:\\CW projcet\\survey\\frontend\\src\\pages\\login.jsx","statementMap":{"0":{"start":{"line":58,"column":0},"end":{"line":58,"column":15}},"1":{"start":{"line":3,"column":18},"end":{"line":3,"column":null}},"2":{"start":{"line":5,"column":41},"end":{"line":5,"column":null}},"3":{"start":{"line":7,"column":51},"end":{"line":7,"column":null}},"4":{"start":{"line":8,"column":35},"end":{"line":8,"column":null}},"5":{"start":{"line":14,"column":28},"end":{"line":14,"column":null}},"6":{"start":{"line":14,"column":51},"end":{"line":14,"column":61}},"7":{"start":{"line":15,"column":21},"end":{"line":15,"column":null}},"8":{"start":{"line":17,"column":36},"end":{"line":17,"column":null}},"9":{"start":{"line":18,"column":36},"end":{"line":18,"column":null}},"10":{"start":{"line":34,"column":23},"end":{"line":37,"column":null}},"11":{"start":{"line":35,"column":8},"end":{"line":35,"column":null}},"12":{"start":{"line":36,"column":8},"end":{"line":36,"column":null}},"13":{"start":{"line":45,"column":91},"end":{"line":45,"column":120}},"14":{"start":{"line":51,"column":96},"end":{"line":51,"column":125}},"15":{"start":{"line":58,"column":15},"end":{"line":58,"column":null}}},"fnMap":{"0":{"name":"Login","decl":{"start":{"line":10,"column":9},"end":{"line":10,"column":null}},"loc":{"start":{"line":10,"column":9},"end":{"line":56,"column":null}}},"1":{"name":"(anonymous_5)","decl":{"start":{"line":14,"column":40},"end":{"line":14,"column":41}},"loc":{"start":{"line":14,"column":51},"end":{"line":14,"column":61}}},"2":{"name":"(anonymous_6)","decl":{"start":{"line":34,"column":23},"end":{"line":34,"column":30}},"loc":{"start":{"line":34,"column":30},"end":{"line":37,"column":null}}},"3":{"name":"(anonymous_7)","decl":{"start":{"line":45,"column":86},"end":{"line":45,"column":91}},"loc":{"start":{"line":45,"column":91},"end":{"line":45,"column":120}}},"4":{"name":"(anonymous_8)","decl":{"start":{"line":51,"column":91},"end":{"line":51,"column":96}},"loc":{"start":{"line":51,"column":96},"end":{"line":51,"column":125}}}},"branchMap":{},"s":{"0":2,"1":1,"2":1,"3":1,"4":1,"5":4,"6":4,"7":4,"8":4,"9":4,"10":4,"11":1,"12":1,"13":1,"14":1,"15":1},"f":{"0":4,"1":4,"2":1,"3":1,"4":1},"b":{}}
,"D:\\CW projcet\\survey\\frontend\\src\\pages\\managestore.jsx": {"path":"D:\\CW projcet\\survey\\frontend\\src\\pages\\managestore.jsx","statementMap":{"0":{"start":{"line":17,"column":21},"end":{"line":35,"column":null}},"1":{"start":{"line":39,"column":19},"end":{"line":39,"column":null}},"2":{"start":{"line":41,"column":37},"end":{"line":41,"column":null}},"3":{"start":{"line":42,"column":52},"end":{"line":42,"column":null}},"4":{"start":{"line":43,"column":44},"end":{"line":43,"column":null}},"5":{"start":{"line":45,"column":46},"end":{"line":45,"column":null}},"6":{"start":{"line":45,"column":69},"end":{"line":45,"column":80}},"7":{"start":{"line":47,"column":42},"end":{"line":47,"column":null}},"8":{"start":{"line":48,"column":46},"end":{"line":48,"column":null}},"9":{"start":{"line":49,"column":53},"end":{"line":49,"column":null}},"10":{"start":{"line":50,"column":61},"end":{"line":50,"column":null}},"11":{"start":{"line":52,"column":2},"end":{"line":54,"column":null}},"12":{"start":{"line":53,"column":4},"end":{"line":53,"column":null}},"13":{"start":{"line":56,"column":2},"end":{"line":58,"column":null}},"14":{"start":{"line":57,"column":4},"end":{"line":57,"column":null}},"15":{"start":{"line":60,"column":15},"end":{"line":65,"column":null}},"16":{"start":{"line":61,"column":4},"end":{"line":61,"column":null}},"17":{"start":{"line":62,"column":4},"end":{"line":62,"column":null}},"18":{"start":{"line":63,"column":4},"end":{"line":63,"column":null}},"19":{"start":{"line":64,"column":4},"end":{"line":64,"column":null}},"20":{"start":{"line":67,"column":26},"end":{"line":72,"column":null}},"21":{"start":{"line":68,"column":4},"end":{"line":68,"column":null}},"22":{"start":{"line":69,"column":4},"end":{"line":69,"column":null}},"23":{"start":{"line":70,"column":4},"end":{"line":70,"column":null}},"24":{"start":{"line":71,"column":4},"end":{"line":71,"column":null}},"25":{"start":{"line":75,"column":4},"end":{"line":102,"column":null}},"26":{"start":{"line":77,"column":113},"end":{"line":77,"column":138}},"27":{"start":{"line":82,"column":9},"end":{"line":102,"column":null}},"28":{"start":{"line":84,"column":113},"end":{"line":84,"column":138}},"29":{"start":{"line":89,"column":9},"end":{"line":102,"column":null}},"30":{"start":{"line":91,"column":113},"end":{"line":91,"column":138}},"31":{"start":{"line":96,"column":9},"end":{"line":102,"column":null}},"32":{"start":{"line":98,"column":115},"end":{"line":98,"column":140}},"33":{"start":{"line":116,"column":96},"end":{"line":116,"column":null}},"34":{"start":{"line":117,"column":103},"end":{"line":117,"column":null}},"35":{"start":{"line":118,"column":133},"end":{"line":118,"column":null}},"36":{"start":{"line":120,"column":73},"end":{"line":120,"column":164}},"37":{"start":{"line":143,"column":24},"end":{"line":143,"column":42}},"38":{"start":{"line":152,"column":55},"end":{"line":152,"column":133}},"39":{"start":{"line":156,"column":55},"end":{"line":156,"column":101}},"40":{"start":{"line":175,"column":60},"end":{"line":175,"column":null}},"41":{"start":{"line":181,"column":76},"end":{"line":181,"column":107}},"42":{"start":{"line":185,"column":69},"end":{"line":185,"column":102}},"43":{"start":{"line":189,"column":73},"end":{"line":189,"column":109}},"44":{"start":{"line":193,"column":77},"end":{"line":193,"column":117}},"45":{"start":{"line":198,"column":37},"end":{"line":198,"column":202}},"46":{"start":{"line":199,"column":48},"end":{"line":199,"column":70}}},"fnMap":{"0":{"name":"ManageStore","decl":{"start":{"line":37,"column":9},"end":{"line":37,"column":null}},"loc":{"start":{"line":37,"column":9},"end":{"line":207,"column":null}}},"1":{"name":"(anonymous_1)","decl":{"start":{"line":45,"column":58},"end":{"line":45,"column":59}},"loc":{"start":{"line":45,"column":69},"end":{"line":45,"column":80}}},"2":{"name":"(anonymous_2)","decl":{"start":{"line":52,"column":12},"end":{"line":52,"column":null}},"loc":{"start":{"line":52,"column":12},"end":{"line":54,"column":5}}},"3":{"name":"(anonymous_3)","decl":{"start":{"line":56,"column":12},"end":{"line":56,"column":null}},"loc":{"start":{"line":56,"column":12},"end":{"line":58,"column":5}}},"4":{"name":"(anonymous_4)","decl":{"start":{"line":60,"column":15},"end":{"line":60,"column":16}},"loc":{"start":{"line":60,"column":57},"end":{"line":65,"column":null}}},"5":{"name":"(anonymous_5)","decl":{"start":{"line":67,"column":26},"end":{"line":67,"column":null}},"loc":{"start":{"line":67,"column":26},"end":{"line":72,"column":null}}},"6":{"name":"getStatus","decl":{"start":{"line":74,"column":11},"end":{"line":74,"column":null}},"loc":{"start":{"line":74,"column":11},"end":{"line":103,"column":null}}},"7":{"name":"(anonymous_7)","decl":{"start":{"line":77,"column":107},"end":{"line":77,"column":113}},"loc":{"start":{"line":77,"column":113},"end":{"line":77,"column":138}}},"8":{"name":"(anonymous_8)","decl":{"start":{"line":84,"column":107},"end":{"line":84,"column":113}},"loc":{"start":{"line":84,"column":113},"end":{"line":84,"column":138}}},"9":{"name":"(anonymous_9)","decl":{"start":{"line":91,"column":107},"end":{"line":91,"column":113}},"loc":{"start":{"line":91,"column":113},"end":{"line":91,"column":138}}},"10":{"name":"(anonymous_10)","decl":{"start":{"line":98,"column":109},"end":{"line":98,"column":115}},"loc":{"start":{"line":98,"column":115},"end":{"line":98,"column":140}}},"11":{"name":"(anonymous_11)","decl":{"start":{"line":116,"column":91},"end":{"line":116,"column":96}},"loc":{"start":{"line":116,"column":96},"end":{"line":116,"column":null}}},"12":{"name":"(anonymous_12)","decl":{"start":{"line":117,"column":98},"end":{"line":117,"column":103}},"loc":{"start":{"line":117,"column":103},"end":{"line":117,"column":null}}},"13":{"name":"(anonymous_13)","decl":{"start":{"line":118,"column":128},"end":{"line":118,"column":133}},"loc":{"start":{"line":118,"column":133},"end":{"line":118,"column":null}}},"14":{"name":"(anonymous_14)","decl":{"start":{"line":120,"column":65},"end":{"line":120,"column":73}},"loc":{"start":{"line":120,"column":65},"end":{"line":120,"column":167}}},"15":{"name":"(anonymous_15)","decl":{"start":{"line":142,"column":34},"end":{"line":142,"column":null}},"loc":{"start":{"line":143,"column":24},"end":{"line":143,"column":42}}},"16":{"name":"(anonymous_16)","decl":{"start":{"line":152,"column":49},"end":{"line":152,"column":55}},"loc":{"start":{"line":152,"column":55},"end":{"line":152,"column":133}}},"17":{"name":"(anonymous_17)","decl":{"start":{"line":156,"column":49},"end":{"line":156,"column":55}},"loc":{"start":{"line":156,"column":55},"end":{"line":156,"column":101}}},"18":{"name":"(anonymous_18)","decl":{"start":{"line":175,"column":54},"end":{"line":175,"column":60}},"loc":{"start":{"line":175,"column":60},"end":{"line":175,"column":null}}},"19":{"name":"(anonymous_19)","decl":{"start":{"line":181,"column":69},"end":{"line":181,"column":76}},"loc":{"start":{"line":181,"column":69},"end":{"line":181,"column":null}}},"20":{"name":"(anonymous_20)","decl":{"start":{"line":185,"column":62},"end":{"line":185,"column":69}},"loc":{"start":{"line":185,"column":62},"end":{"line":185,"column":null}}},"21":{"name":"(anonymous_21)","decl":{"start":{"line":189,"column":66},"end":{"line":189,"column":73}},"loc":{"start":{"line":189,"column":66},"end":{"line":189,"column":null}}},"22":{"name":"(anonymous_22)","decl":{"start":{"line":193,"column":70},"end":{"line":193,"column":77}},"loc":{"start":{"line":193,"column":70},"end":{"line":193,"column":null}}},"23":{"name":"(anonymous_23)","decl":{"start":{"line":198,"column":29},"end":{"line":198,"column":37}},"loc":{"start":{"line":198,"column":29},"end":{"line":198,"column":205}}},"24":{"name":"(anonymous_24)","decl":{"start":{"line":199,"column":42},"end":{"line":199,"column":48}},"loc":{"start":{"line":199,"column":48},"end":{"line":199,"column":70}}}},"branchMap":{"0":{"loc":{"start":{"line":75,"column":4},"end":{"line":102,"column":null}},"type":"if","locations":[{"start":{"line":75,"column":4},"end":{"line":102,"column":null}},{"start":{"line":82,"column":9},"end":{"line":102,"column":null}}]},"1":{"loc":{"start":{"line":82,"column":9},"end":{"line":102,"column":null}},"type":"if","locations":[{"start":{"line":82,"column":9},"end":{"line":102,"column":null}},{"start":{"line":89,"column":9},"end":{"line":102,"column":null}}]},"2":{"loc":{"start":{"line":89,"column":9},"end":{"line":102,"column":null}},"type":"if","locations":[{"start":{"line":89,"column":9},"end":{"line":102,"column":null}},{"start":{"line":96,"column":9},"end":{"line":102,"column":null}}]},"3":{"loc":{"start":{"line":96,"column":9},"end":{"line":102,"column":null}},"type":"if","locations":[{"start":{"line":96,"column":9},"end":{"line":102,"column":null}}]},"4":{"loc":{"start":{"line":119,"column":90},"end":{"line":119,"column":207}},"type":"cond-expr","locations":[{"start":{"line":119,"column":141},"end":{"line":119,"column":200}},{"start":{"line":119,"column":203},"end":{"line":119,"column":207}}]},"5":{"loc":{"start":{"line":119,"column":90},"end":{"line":119,"column":141}},"type":"binary-expr","locations":[{"start":{"line":119,"column":90},"end":{"line":119,"column":112}},{"start":{"line":119,"column":112},"end":{"line":119,"column":141}}]},"6":{"loc":{"start":{"line":138,"column":20},"end":{"line":143,"column":42}},"type":"cond-expr","locations":[{"start":{"line":139,"column":22},"end":{"line":142,"column":30}},{"start":{"line":142,"column":24},"end":{"line":143,"column":42}}]},"7":{"loc":{"start":{"line":138,"column":20},"end":{"line":138,"column":null}},"type":"binary-expr","locations":[{"start":{"line":138,"column":20},"end":{"line":138,"column":39}},{"start":{"line":138,"column":39},"end":{"line":138,"column":null}}]}},"s":{"0":0,"1":0,"2":0,"3":0,"4":0,"5":0,"6":0,"7":0,"8":0,"9":0,"10":0,"11":0,"12":0,"13":0,"14":0,"15":0,"16":0,"17":0,"18":0,"19":0,"20":0,"21":0,"22":0,"23":0,"24":0,"25":0,"26":0,"27":0,"28":0,"29":0,"30":0,"31":0,"32":0,"33":0,"34":0,"35":0,"36":0,"37":0,"38":0,"39":0,"40":0,"41":0,"42":0,"43":0,"44":0,"45":0,"46":0},"f":{"0":0,"1":0,"2":0,"3":0,"4":0,"5":0,"6":0,"7":0,"8":0,"9":0,"10":0,"11":0,"12":0,"13":0,"14":0,"15":0,"16":0,"17":0,"18":0,"19":0,"20":0,"21":0,"22":0,"23":0,"24":0},"b":{"0":[0,0],"1":[0,0],"2":[0,0],"3":[0],"4":[0,0],"5":[0,0],"6":[0,0],"7":[0,0]}}
,"D:\\CW projcet\\survey\\frontend\\src\\pages\\profile.jsx": {"path":"D:\\CW projcet\\survey\\frontend\\src\\pages\\profile.jsx","statementMap":{"0":{"start":{"line":18,"column":19},"end":{"line":18,"column":null}},"1":{"start":{"line":20,"column":20},"end":{"line":20,"column":null}},"2":{"start":{"line":20,"column":43},"end":{"line":20,"column":53}},"3":{"start":{"line":22,"column":34},"end":{"line":22,"column":null}},"4":{"start":{"line":23,"column":40},"end":{"line":23,"column":null}},"5":{"start":{"line":24,"column":54},"end":{"line":24,"column":null}},"6":{"start":{"line":25,"column":30},"end":{"line":25,"column":null}},"7":{"start":{"line":27,"column":23},"end":{"line":45,"column":null}},"8":{"start":{"line":47,"column":2},"end":{"line":48,"column":null}},"9":{"start":{"line":50,"column":25},"end":{"line":61,"column":null}},"10":{"start":{"line":51,"column":4},"end":{"line":51,"column":null}},"11":{"start":{"line":52,"column":4},"end":{"line":60,"column":null}},"12":{"start":{"line":54,"column":12},"end":{"line":56,"column":null}},"13":{"start":{"line":55,"column":14},"end":{"line":55,"column":null}},"14":{"start":{"line":59,"column":12},"end":{"line":59,"column":null}},"15":{"start":{"line":63,"column":23},"end":{"line":82,"column":null}},"16":{"start":{"line":64,"column":4},"end":{"line":81,"column":null}},"17":{"start":{"line":66,"column":113},"end":{"line":66,"column":138}},"18":{"start":{"line":72,"column":9},"end":{"line":81,"column":null}},"19":{"start":{"line":73,"column":126},"end":{"line":73,"column":151}},"20":{"start":{"line":77,"column":9},"end":{"line":81,"column":null}},"21":{"start":{"line":78,"column":126},"end":{"line":78,"column":151}},"22":{"start":{"line":94,"column":73},"end":{"line":94,"column":101}},"23":{"start":{"line":96,"column":76},"end":{"line":96,"column":107}},"24":{"start":{"line":98,"column":83},"end":{"line":98,"column":122}},"25":{"start":{"line":98,"column":122},"end":{"line":98,"column":205}},"26":{"start":{"line":98,"column":158},"end":{"line":98,"column":179}},"27":{"start":{"line":98,"column":186},"end":{"line":98,"column":205}},"28":{"start":{"line":99,"column":37},"end":{"line":99,"column":54}}},"fnMap":{"0":{"name":"Profile","decl":{"start":{"line":16,"column":9},"end":{"line":16,"column":null}},"loc":{"start":{"line":16,"column":9},"end":{"line":105,"column":null}}},"1":{"name":"(anonymous_1)","decl":{"start":{"line":20,"column":32},"end":{"line":20,"column":33}},"loc":{"start":{"line":20,"column":43},"end":{"line":20,"column":53}}},"2":{"name":"(anonymous_2)","decl":{"start":{"line":47,"column":12},"end":{"line":47,"column":null}},"loc":{"start":{"line":47,"column":12},"end":{"line":48,"column":5}}},"3":{"name":"(anonymous_3)","decl":{"start":{"line":50,"column":25},"end":{"line":50,"column":null}},"loc":{"start":{"line":50,"column":25},"end":{"line":61,"column":null}}},"4":{"name":"(anonymous_4)","decl":{"start":{"line":53,"column":17},"end":{"line":53,"column":null}},"loc":{"start":{"line":53,"column":17},"end":{"line":57,"column":null}}},"5":{"name":"(anonymous_5)","decl":{"start":{"line":58,"column":18},"end":{"line":58,"column":null}},"loc":{"start":{"line":58,"column":18},"end":{"line":60,"column":null}}},"6":{"name":"(anonymous_6)","decl":{"start":{"line":63,"column":23},"end":{"line":63,"column":null}},"loc":{"start":{"line":63,"column":23},"end":{"line":82,"column":null}}},"7":{"name":"(anonymous_7)","decl":{"start":{"line":66,"column":107},"end":{"line":66,"column":113}},"loc":{"start":{"line":66,"column":113},"end":{"line":66,"column":138}}},"8":{"name":"(anonymous_8)","decl":{"start":{"line":73,"column":120},"end":{"line":73,"column":126}},"loc":{"start":{"line":73,"column":126},"end":{"line":73,"column":151}}},"9":{"name":"(anonymous_9)","decl":{"start":{"line":78,"column":120},"end":{"line":78,"column":126}},"loc":{"start":{"line":78,"column":126},"end":{"line":78,"column":151}}},"10":{"name":"(anonymous_10)","decl":{"start":{"line":94,"column":66},"end":{"line":94,"column":73}},"loc":{"start":{"line":94,"column":66},"end":{"line":94,"column":null}}},"11":{"name":"(anonymous_11)","decl":{"start":{"line":96,"column":69},"end":{"line":96,"column":76}},"loc":{"start":{"line":96,"column":69},"end":{"line":96,"column":null}}},"12":{"name":"(anonymous_12)","decl":{"start":{"line":98,"column":76},"end":{"line":98,"column":83}},"loc":{"start":{"line":98,"column":76},"end":{"line":98,"column":null}}},"13":{"name":"(anonymous_13)","decl":{"start":{"line":99,"column":29},"end":{"line":99,"column":37}},"loc":{"start":{"line":99,"column":29},"end":{"line":99,"column":57}}}},"branchMap":{"0":{"loc":{"start":{"line":54,"column":12},"end":{"line":56,"column":null}},"type":"if","locations":[{"start":{"line":54,"column":12},"end":{"line":56,"column":null}}]},"1":{"loc":{"start":{"line":64,"column":4},"end":{"line":81,"column":null}},"type":"if","locations":[{"start":{"line":64,"column":4},"end":{"line":81,"column":null}},{"start":{"line":72,"column":9},"end":{"line":81,"column":null}}]},"2":{"loc":{"start":{"line":72,"column":9},"end":{"line":81,"column":null}},"type":"if","locations":[{"start":{"line":72,"column":9},"end":{"line":81,"column":null}},{"start":{"line":77,"column":9},"end":{"line":81,"column":null}}]},"3":{"loc":{"start":{"line":77,"column":9},"end":{"line":81,"column":null}},"type":"if","locations":[{"start":{"line":77,"column":9},"end":{"line":81,"column":null}}]},"4":{"loc":{"start":{"line":98,"column":122},"end":{"line":98,"column":205}},"type":"if","locations":[{"start":{"line":98,"column":122},"end":{"line":98,"column":205}},{"start":{"line":98,"column":186},"end":{"line":98,"column":205}}]}},"s":{"0":0,"1":0,"2":0,"3":0,"4":0,"5":0,"6":0,"7":0,"8":0,"9":0,"10":0,"11":0,"12":0,"13":0,"14":0,"15":0,"16":0,"17":0,"18":0,"19":0,"20":0,"21":0,"22":0,"23":0,"24":0,"25":0,"26":0,"27":0,"28":0},"f":{"0":0,"1":0,"2":0,"3":0,"4":0,"5":0,"6":0,"7":0,"8":0,"9":0,"10":0,"11":0,"12":0,"13":0},"b":{"0":[0],"1":[0,0],"2":[0,0],"3":[0],"4":[0,0]}}
,"D:\\CW projcet\\survey\\frontend\\src\\pages\\questionnaire.jsx": {"path":"D:\\CW projcet\\survey\\frontend\\src\\pages\\questionnaire.jsx","statementMap":{"0":{"start":{"line":9,"column":19},"end":{"line":9,"column":null}},"1":{"start":{"line":12,"column":22},"end":{"line":12,"column":37}},"2":{"start":{"line":15,"column":22},"end":{"line":15,"column":null}},"3":{"start":{"line":16,"column":25},"end":{"line":16,"column":50}},"4":{"start":{"line":18,"column":37},"end":{"line":18,"column":null}},"5":{"start":{"line":19,"column":47},"end":{"line":19,"column":null}},"6":{"start":{"line":21,"column":46},"end":{"line":78,"column":null}},"7":{"start":{"line":80,"column":2},"end":{"line":89,"column":null}},"8":{"start":{"line":81,"column":4},"end":{"line":88,"column":null}},"9":{"start":{"line":83,"column":8},"end":{"line":83,"column":null}},"10":{"start":{"line":84,"column":8},"end":{"line":84,"column":null}},"11":{"start":{"line":87,"column":8},"end":{"line":87,"column":null}},"12":{"start":{"line":91,"column":2},"end":{"line":95,"column":null}},"13":{"start":{"line":92,"column":4},"end":{"line":94,"column":null}},"14":{"start":{"line":93,"column":6},"end":{"line":93,"column":null}},"15":{"start":{"line":97,"column":26},"end":{"line":105,"column":null}},"16":{"start":{"line":107,"column":32},"end":{"line":122,"column":null}},"17":{"start":{"line":124,"column":27},"end":{"line":136,"column":null}},"18":{"start":{"line":138,"column":23},"end":{"line":161,"column":null}},"19":{"start":{"line":139,"column":4},"end":{"line":160,"column":null}},"20":{"start":{"line":163,"column":21},"end":{"line":196,"column":null}},"21":{"start":{"line":164,"column":15},"end":{"line":181,"column":null}},"22":{"start":{"line":183,"column":4},"end":{"line":195,"column":null}},"23":{"start":{"line":185,"column":10},"end":{"line":191,"column":null}},"24":{"start":{"line":186,"column":12},"end":{"line":191,"column":null}},"25":{"start":{"line":187,"column":14},"end":{"line":190,"column":null}},"26":{"start":{"line":188,"column":16},"end":{"line":188,"column":null}},"27":{"start":{"line":189,"column":16},"end":{"line":189,"column":null}},"28":{"start":{"line":194,"column":10},"end":{"line":194,"column":null}},"29":{"start":{"line":198,"column":2},"end":{"line":198,"column":null}},"30":{"start":{"line":200,"column":2},"end":{"line":676,"column":null}},"31":{"start":{"line":225,"column":91},"end":{"line":225,"column":145}},"32":{"start":{"line":226,"column":149},"end":{"line":226,"column":188}},"33":{"start":{"line":229,"column":91},"end":{"line":229,"column":145}},"34":{"start":{"line":230,"column":150},"end":{"line":230,"column":189}},"35":{"start":{"line":235,"column":39},"end":{"line":235,"column":64}},"36":{"start":{"line":255,"column":112},"end":{"line":255,"column":166}},"37":{"start":{"line":256,"column":42},"end":{"line":256,"column":81}},"38":{"start":{"line":259,"column":112},"end":{"line":259,"column":166}},"39":{"start":{"line":260,"column":42},"end":{"line":260,"column":81}},"40":{"start":{"line":263,"column":112},"end":{"line":263,"column":166}},"41":{"start":{"line":264,"column":42},"end":{"line":264,"column":81}},"42":{"start":{"line":267,"column":112},"end":{"line":267,"column":166}},"43":{"start":{"line":268,"column":42},"end":{"line":268,"column":81}},"44":{"start":{"line":273,"column":39},"end":{"line":273,"column":68}},"45":{"start":{"line":274,"column":39},"end":{"line":274,"column":64}},"46":{"start":{"line":294,"column":112},"end":{"line":294,"column":166}},"47":{"start":{"line":295,"column":42},"end":{"line":295,"column":81}},"48":{"start":{"line":298,"column":112},"end":{"line":298,"column":166}},"49":{"start":{"line":299,"column":42},"end":{"line":299,"column":81}},"50":{"start":{"line":302,"column":112},"end":{"line":302,"column":166}},"51":{"start":{"line":303,"column":42},"end":{"line":303,"column":81}},"52":{"start":{"line":306,"column":112},"end":{"line":306,"column":166}},"53":{"start":{"line":307,"column":42},"end":{"line":307,"column":81}},"54":{"start":{"line":310,"column":112},"end":{"line":310,"column":166}},"55":{"start":{"line":311,"column":42},"end":{"line":311,"column":81}},"56":{"start":{"line":314,"column":112},"end":{"line":314,"column":153}},"57":{"start":{"line":315,"column":42},"end":{"line":315,"column":81}},"58":{"start":{"line":320,"column":39},"end":{"line":320,"column":68}},"59":{"start":{"line":321,"column":39},"end":{"line":321,"column":64}},"60":{"start":{"line":342,"column":119},"end":{"line":342,"column":173}},"61":{"start":{"line":343,"column":42},"end":{"line":343,"column":81}},"62":{"start":{"line":346,"column":119},"end":{"line":346,"column":173}},"63":{"start":{"line":347,"column":42},"end":{"line":347,"column":81}},"64":{"start":{"line":352,"column":39},"end":{"line":352,"column":68}},"65":{"start":{"line":353,"column":39},"end":{"line":353,"column":64}},"66":{"start":{"line":375,"column":119},"end":{"line":375,"column":268}},"67":{"start":{"line":376,"column":42},"end":{"line":376,"column":161}},"68":{"start":{"line":379,"column":119},"end":{"line":379,"column":268}},"69":{"start":{"line":380,"column":42},"end":{"line":380,"column":161}},"70":{"start":{"line":383,"column":119},"end":{"line":383,"column":268}},"71":{"start":{"line":384,"column":42},"end":{"line":384,"column":161}},"72":{"start":{"line":387,"column":119},"end":{"line":387,"column":268}},"73":{"start":{"line":388,"column":42},"end":{"line":388,"column":161}},"74":{"start":{"line":391,"column":119},"end":{"line":391,"column":268}},"75":{"start":{"line":392,"column":42},"end":{"line":392,"column":161}},"76":{"start":{"line":395,"column":119},"end":{"line":395,"column":268}},"77":{"start":{"line":396,"column":42},"end":{"line":396,"column":161}},"78":{"start":{"line":401,"column":39},"end":{"line":401,"column":68}},"79":{"start":{"line":402,"column":39},"end":{"line":402,"column":129}},"80":{"start":{"line":424,"column":116},"end":{"line":424,"column":184}},"81":{"start":{"line":425,"column":42},"end":{"line":425,"column":95}},"82":{"start":{"line":428,"column":116},"end":{"line":428,"column":184}},"83":{"start":{"line":429,"column":42},"end":{"line":429,"column":95}},"84":{"start":{"line":432,"column":116},"end":{"line":432,"column":184}},"85":{"start":{"line":433,"column":42},"end":{"line":433,"column":95}},"86":{"start":{"line":436,"column":116},"end":{"line":436,"column":184}},"87":{"start":{"line":437,"column":42},"end":{"line":437,"column":95}},"88":{"start":{"line":440,"column":116},"end":{"line":440,"column":184}},"89":{"start":{"line":441,"column":42},"end":{"line":441,"column":95}},"90":{"start":{"line":444,"column":116},"end":{"line":444,"column":184}},"91":{"start":{"line":445,"column":42},"end":{"line":445,"column":95}},"92":{"start":{"line":448,"column":116},"end":{"line":448,"column":184}},"93":{"start":{"line":449,"column":42},"end":{"line":449,"column":95}},"94":{"start":{"line":452,"column":116},"end":{"line":452,"column":184}},"95":{"start":{"line":453,"column":42},"end":{"line":453,"column":95}},"96":{"start":{"line":456,"column":116},"end":{"line":456,"column":184}},"97":{"start":{"line":457,"column":42},"end":{"line":457,"column":95}},"98":{"start":{"line":460,"column":118},"end":{"line":460,"column":186}},"99":{"start":{"line":461,"column":42},"end":{"line":461,"column":96}},"100":{"start":{"line":466,"column":39},"end":{"line":466,"column":70}},"101":{"start":{"line":467,"column":39},"end":{"line":467,"column":78}},"102":{"start":{"line":489,"column":114},"end":{"line":489,"column":170}},"103":{"start":{"line":490,"column":42},"end":{"line":490,"column":83}},"104":{"start":{"line":493,"column":114},"end":{"line":493,"column":170}},"105":{"start":{"line":494,"column":42},"end":{"line":494,"column":83}},"106":{"start":{"line":497,"column":114},"end":{"line":497,"column":170}},"107":{"start":{"line":498,"column":42},"end":{"line":498,"column":83}},"108":{"start":{"line":501,"column":114},"end":{"line":501,"column":170}},"109":{"start":{"line":502,"column":42},"end":{"line":502,"column":83}},"110":{"start":{"line":505,"column":114},"end":{"line":505,"column":170}},"111":{"start":{"line":506,"column":42},"end":{"line":506,"column":83}},"112":{"start":{"line":511,"column":39},"end":{"line":511,"column":70}},"113":{"start":{"line":512,"column":39},"end":{"line":512,"column":66}},"114":{"start":{"line":533,"column":117},"end":{"line":533,"column":171}},"115":{"start":{"line":534,"column":42},"end":{"line":534,"column":81}},"116":{"start":{"line":537,"column":117},"end":{"line":537,"column":171}},"117":{"start":{"line":538,"column":42},"end":{"line":538,"column":81}},"118":{"start":{"line":541,"column":117},"end":{"line":541,"column":171}},"119":{"start":{"line":542,"column":42},"end":{"line":542,"column":81}},"120":{"start":{"line":545,"column":117},"end":{"line":545,"column":171}},"121":{"start":{"line":546,"column":42},"end":{"line":546,"column":81}},"122":{"start":{"line":549,"column":117},"end":{"line":549,"column":171}},"123":{"start":{"line":550,"column":42},"end":{"line":550,"column":81}},"124":{"start":{"line":555,"column":39},"end":{"line":555,"column":70}},"125":{"start":{"line":556,"column":39},"end":{"line":556,"column":64}},"126":{"start":{"line":578,"column":118},"end":{"line":578,"column":172}},"127":{"start":{"line":579,"column":42},"end":{"line":579,"column":81}},"128":{"start":{"line":582,"column":118},"end":{"line":582,"column":172}},"129":{"start":{"line":583,"column":42},"end":{"line":583,"column":81}},"130":{"start":{"line":586,"column":118},"end":{"line":586,"column":172}},"131":{"start":{"line":587,"column":42},"end":{"line":587,"column":81}},"132":{"start":{"line":590,"column":118},"end":{"line":590,"column":172}},"133":{"start":{"line":591,"column":42},"end":{"line":591,"column":81}},"134":{"start":{"line":594,"column":118},"end":{"line":594,"column":172}},"135":{"start":{"line":595,"column":42},"end":{"line":595,"column":81}},"136":{"start":{"line":600,"column":39},"end":{"line":600,"column":68}},"137":{"start":{"line":601,"column":39},"end":{"line":601,"column":64}},"138":{"start":{"line":623,"column":101},"end":{"line":623,"column":137}},"139":{"start":{"line":628,"column":39},"end":{"line":628,"column":68}},"140":{"start":{"line":629,"column":39},"end":{"line":629,"column":76}},"141":{"start":{"line":671,"column":4},"end":{"line":672,"column":null}}},"fnMap":{"0":{"name":"Questionnaire","decl":{"start":{"line":8,"column":9},"end":{"line":8,"column":null}},"loc":{"start":{"line":8,"column":9},"end":{"line":679,"column":null}}},"1":{"name":"(anonymous_9)","decl":{"start":{"line":80,"column":12},"end":{"line":80,"column":null}},"loc":{"start":{"line":80,"column":12},"end":{"line":89,"column":5}}},"2":{"name":"(anonymous_10)","decl":{"start":{"line":82,"column":12},"end":{"line":82,"column":22}},"loc":{"start":{"line":82,"column":30},"end":{"line":85,"column":null}}},"3":{"name":"(anonymous_11)","decl":{"start":{"line":86,"column":13},"end":{"line":86,"column":null}},"loc":{"start":{"line":86,"column":13},"end":{"line":88,"column":null}}},"4":{"name":"(anonymous_12)","decl":{"start":{"line":91,"column":12},"end":{"line":91,"column":null}},"loc":{"start":{"line":91,"column":12},"end":{"line":95,"column":5}}},"5":{"name":"(anonymous_13)","decl":{"start":{"line":97,"column":26},"end":{"line":97,"column":27}},"loc":{"start":{"line":97,"column":27},"end":{"line":105,"column":null}}},"6":{"name":"(anonymous_15)","decl":{"start":{"line":107,"column":32},"end":{"line":107,"column":33}},"loc":{"start":{"line":107,"column":50},"end":{"line":122,"column":null}}},"7":{"name":"(anonymous_17)","decl":{"start":{"line":124,"column":27},"end":{"line":124,"column":28}},"loc":{"start":{"line":124,"column":46},"end":{"line":136,"column":null}}},"8":{"name":"(anonymous_19)","decl":{"start":{"line":138,"column":23},"end":{"line":138,"column":24}},"loc":{"start":{"line":138,"column":34},"end":{"line":161,"column":null}}},"9":{"name":"(anonymous_22)","decl":{"start":{"line":163,"column":21},"end":{"line":163,"column":null}},"loc":{"start":{"line":163,"column":21},"end":{"line":196,"column":null}}},"10":{"name":"(anonymous_23)","decl":{"start":{"line":184,"column":14},"end":{"line":184,"column":23}},"loc":{"start":{"line":184,"column":31},"end":{"line":192,"column":null}}},"11":{"name":"(anonymous_24)","decl":{"start":{"line":187,"column":25},"end":{"line":187,"column":null}},"loc":{"start":{"line":187,"column":25},"end":{"line":190,"column":17}}},"12":{"name":"(anonymous_25)","decl":{"start":{"line":193,"column":15},"end":{"line":193,"column":null}},"loc":{"start":{"line":193,"column":15},"end":{"line":195,"column":null}}},"13":{"name":"(anonymous_26)","decl":{"start":{"line":225,"column":78},"end":{"line":225,"column":79}},"loc":{"start":{"line":225,"column":79},"end":{"line":225,"column":148}}},"14":{"name":"(anonymous_27)","decl":{"start":{"line":226,"column":141},"end":{"line":226,"column":149}},"loc":{"start":{"line":226,"column":141},"end":{"line":226,"column":191}}},"15":{"name":"(anonymous_28)","decl":{"start":{"line":229,"column":78},"end":{"line":229,"column":79}},"loc":{"start":{"line":229,"column":79},"end":{"line":229,"column":148}}},"16":{"name":"(anonymous_29)","decl":{"start":{"line":230,"column":142},"end":{"line":230,"column":150}},"loc":{"start":{"line":230,"column":142},"end":{"line":230,"column":192}}},"17":{"name":"(anonymous_30)","decl":{"start":{"line":235,"column":31},"end":{"line":235,"column":39}},"loc":{"start":{"line":235,"column":31},"end":{"line":235,"column":67}}},"18":{"name":"(anonymous_31)","decl":{"start":{"line":255,"column":99},"end":{"line":255,"column":100}},"loc":{"start":{"line":255,"column":100},"end":{"line":255,"column":169}}},"19":{"name":"(anonymous_32)","decl":{"start":{"line":256,"column":34},"end":{"line":256,"column":42}},"loc":{"start":{"line":256,"column":34},"end":{"line":256,"column":84}}},"20":{"name":"(anonymous_33)","decl":{"start":{"line":259,"column":99},"end":{"line":259,"column":100}},"loc":{"start":{"line":259,"column":100},"end":{"line":259,"column":169}}},"21":{"name":"(anonymous_34)","decl":{"start":{"line":260,"column":34},"end":{"line":260,"column":42}},"loc":{"start":{"line":260,"column":34},"end":{"line":260,"column":84}}},"22":{"name":"(anonymous_35)","decl":{"start":{"line":263,"column":99},"end":{"line":263,"column":100}},"loc":{"start":{"line":263,"column":100},"end":{"line":263,"column":169}}},"23":{"name":"(anonymous_36)","decl":{"start":{"line":264,"column":34},"end":{"line":264,"column":42}},"loc":{"start":{"line":264,"column":34},"end":{"line":264,"column":84}}},"24":{"name":"(anonymous_37)","decl":{"start":{"line":267,"column":99},"end":{"line":267,"column":100}},"loc":{"start":{"line":267,"column":100},"end":{"line":267,"column":169}}},"25":{"name":"(anonymous_38)","decl":{"start":{"line":268,"column":34},"end":{"line":268,"column":42}},"loc":{"start":{"line":268,"column":34},"end":{"line":268,"column":84}}},"26":{"name":"(anonymous_39)","decl":{"start":{"line":273,"column":31},"end":{"line":273,"column":39}},"loc":{"start":{"line":273,"column":31},"end":{"line":273,"column":71}}},"27":{"name":"(anonymous_40)","decl":{"start":{"line":274,"column":31},"end":{"line":274,"column":39}},"loc":{"start":{"line":274,"column":31},"end":{"line":274,"column":67}}},"28":{"name":"(anonymous_41)","decl":{"start":{"line":294,"column":99},"end":{"line":294,"column":100}},"loc":{"start":{"line":294,"column":100},"end":{"line":294,"column":169}}},"29":{"name":"(anonymous_42)","decl":{"start":{"line":295,"column":34},"end":{"line":295,"column":42}},"loc":{"start":{"line":295,"column":34},"end":{"line":295,"column":84}}},"30":{"name":"(anonymous_43)","decl":{"start":{"line":298,"column":99},"end":{"line":298,"column":100}},"loc":{"start":{"line":298,"column":100},"end":{"line":298,"column":169}}},"31":{"name":"(anonymous_44)","decl":{"start":{"line":299,"column":34},"end":{"line":299,"column":42}},"loc":{"start":{"line":299,"column":34},"end":{"line":299,"column":84}}},"32":{"name":"(anonymous_45)","decl":{"start":{"line":302,"column":99},"end":{"line":302,"column":100}},"loc":{"start":{"line":302,"column":100},"end":{"line":302,"column":169}}},"33":{"name":"(anonymous_46)","decl":{"start":{"line":303,"column":34},"end":{"line":303,"column":42}},"loc":{"start":{"line":303,"column":34},"end":{"line":303,"column":84}}},"34":{"name":"(anonymous_47)","decl":{"start":{"line":306,"column":99},"end":{"line":306,"column":100}},"loc":{"start":{"line":306,"column":100},"end":{"line":306,"column":169}}},"35":{"name":"(anonymous_48)","decl":{"start":{"line":307,"column":34},"end":{"line":307,"column":42}},"loc":{"start":{"line":307,"column":34},"end":{"line":307,"column":84}}},"36":{"name":"(anonymous_49)","decl":{"start":{"line":310,"column":99},"end":{"line":310,"column":100}},"loc":{"start":{"line":310,"column":100},"end":{"line":310,"column":169}}},"37":{"name":"(anonymous_50)","decl":{"start":{"line":311,"column":34},"end":{"line":311,"column":42}},"loc":{"start":{"line":311,"column":34},"end":{"line":311,"column":84}}},"38":{"name":"(anonymous_51)","decl":{"start":{"line":314,"column":99},"end":{"line":314,"column":100}},"loc":{"start":{"line":314,"column":100},"end":{"line":314,"column":156}}},"39":{"name":"(anonymous_52)","decl":{"start":{"line":315,"column":34},"end":{"line":315,"column":42}},"loc":{"start":{"line":315,"column":34},"end":{"line":315,"column":84}}},"40":{"name":"(anonymous_53)","decl":{"start":{"line":320,"column":31},"end":{"line":320,"column":39}},"loc":{"start":{"line":320,"column":31},"end":{"line":320,"column":71}}},"41":{"name":"(anonymous_54)","decl":{"start":{"line":321,"column":31},"end":{"line":321,"column":39}},"loc":{"start":{"line":321,"column":31},"end":{"line":321,"column":67}}},"42":{"name":"(anonymous_55)","decl":{"start":{"line":342,"column":106},"end":{"line":342,"column":107}},"loc":{"start":{"line":342,"column":107},"end":{"line":342,"column":176}}},"43":{"name":"(anonymous_56)","decl":{"start":{"line":343,"column":34},"end":{"line":343,"column":42}},"loc":{"start":{"line":343,"column":34},"end":{"line":343,"column":84}}},"44":{"name":"(anonymous_57)","decl":{"start":{"line":346,"column":106},"end":{"line":346,"column":107}},"loc":{"start":{"line":346,"column":107},"end":{"line":346,"column":176}}},"45":{"name":"(anonymous_58)","decl":{"start":{"line":347,"column":34},"end":{"line":347,"column":42}},"loc":{"start":{"line":347,"column":34},"end":{"line":347,"column":84}}},"46":{"name":"(anonymous_59)","decl":{"start":{"line":352,"column":31},"end":{"line":352,"column":39}},"loc":{"start":{"line":352,"column":31},"end":{"line":352,"column":71}}},"47":{"name":"(anonymous_60)","decl":{"start":{"line":353,"column":31},"end":{"line":353,"column":39}},"loc":{"start":{"line":353,"column":31},"end":{"line":353,"column":67}}},"48":{"name":"(anonymous_61)","decl":{"start":{"line":375,"column":106},"end":{"line":375,"column":107}},"loc":{"start":{"line":375,"column":107},"end":{"line":375,"column":271}}},"49":{"name":"(anonymous_62)","decl":{"start":{"line":376,"column":34},"end":{"line":376,"column":42}},"loc":{"start":{"line":376,"column":34},"end":{"line":376,"column":164}}},"50":{"name":"(anonymous_63)","decl":{"start":{"line":379,"column":106},"end":{"line":379,"column":107}},"loc":{"start":{"line":379,"column":107},"end":{"line":379,"column":271}}},"51":{"name":"(anonymous_64)","decl":{"start":{"line":380,"column":34},"end":{"line":380,"column":42}},"loc":{"start":{"line":380,"column":34},"end":{"line":380,"column":164}}},"52":{"name":"(anonymous_65)","decl":{"start":{"line":383,"column":106},"end":{"line":383,"column":107}},"loc":{"start":{"line":383,"column":107},"end":{"line":383,"column":271}}},"53":{"name":"(anonymous_66)","decl":{"start":{"line":384,"column":34},"end":{"line":384,"column":42}},"loc":{"start":{"line":384,"column":34},"end":{"line":384,"column":164}}},"54":{"name":"(anonymous_67)","decl":{"start":{"line":387,"column":106},"end":{"line":387,"column":107}},"loc":{"start":{"line":387,"column":107},"end":{"line":387,"column":271}}},"55":{"name":"(anonymous_68)","decl":{"start":{"line":388,"column":34},"end":{"line":388,"column":42}},"loc":{"start":{"line":388,"column":34},"end":{"line":388,"column":164}}},"56":{"name":"(anonymous_69)","decl":{"start":{"line":391,"column":106},"end":{"line":391,"column":107}},"loc":{"start":{"line":391,"column":107},"end":{"line":391,"column":271}}},"57":{"name":"(anonymous_70)","decl":{"start":{"line":392,"column":34},"end":{"line":392,"column":42}},"loc":{"start":{"line":392,"column":34},"end":{"line":392,"column":164}}},"58":{"name":"(anonymous_71)","decl":{"start":{"line":395,"column":106},"end":{"line":395,"column":107}},"loc":{"start":{"line":395,"column":107},"end":{"line":395,"column":271}}},"59":{"name":"(anonymous_72)","decl":{"start":{"line":396,"column":34},"end":{"line":396,"column":42}},"loc":{"start":{"line":396,"column":34},"end":{"line":396,"column":164}}},"60":{"name":"(anonymous_73)","decl":{"start":{"line":401,"column":31},"end":{"line":401,"column":39}},"loc":{"start":{"line":401,"column":31},"end":{"line":401,"column":71}}},"61":{"name":"(anonymous_74)","decl":{"start":{"line":402,"column":31},"end":{"line":402,"column":39}},"loc":{"start":{"line":402,"column":31},"end":{"line":402,"column":132}}},"62":{"name":"(anonymous_75)","decl":{"start":{"line":424,"column":103},"end":{"line":424,"column":104}},"loc":{"start":{"line":424,"column":104},"end":{"line":424,"column":187}}},"63":{"name":"(anonymous_76)","decl":{"start":{"line":425,"column":34},"end":{"line":425,"column":42}},"loc":{"start":{"line":425,"column":34},"end":{"line":425,"column":98}}},"64":{"name":"(anonymous_77)","decl":{"start":{"line":428,"column":103},"end":{"line":428,"column":104}},"loc":{"start":{"line":428,"column":104},"end":{"line":428,"column":187}}},"65":{"name":"(anonymous_78)","decl":{"start":{"line":429,"column":34},"end":{"line":429,"column":42}},"loc":{"start":{"line":429,"column":34},"end":{"line":429,"column":98}}},"66":{"name":"(anonymous_79)","decl":{"start":{"line":432,"column":103},"end":{"line":432,"column":104}},"loc":{"start":{"line":432,"column":104},"end":{"line":432,"column":187}}},"67":{"name":"(anonymous_80)","decl":{"start":{"line":433,"column":34},"end":{"line":433,"column":42}},"loc":{"start":{"line":433,"column":34},"end":{"line":433,"column":98}}},"68":{"name":"(anonymous_81)","decl":{"start":{"line":436,"column":103},"end":{"line":436,"column":104}},"loc":{"start":{"line":436,"column":104},"end":{"line":436,"column":187}}},"69":{"name":"(anonymous_82)","decl":{"start":{"line":437,"column":34},"end":{"line":437,"column":42}},"loc":{"start":{"line":437,"column":34},"end":{"line":437,"column":98}}},"70":{"name":"(anonymous_83)","decl":{"start":{"line":440,"column":103},"end":{"line":440,"column":104}},"loc":{"start":{"line":440,"column":104},"end":{"line":440,"column":187}}},"71":{"name":"(anonymous_84)","decl":{"start":{"line":441,"column":34},"end":{"line":441,"column":42}},"loc":{"start":{"line":441,"column":34},"end":{"line":441,"column":98}}},"72":{"name":"(anonymous_85)","decl":{"start":{"line":444,"column":103},"end":{"line":444,"column":104}},"loc":{"start":{"line":444,"column":104},"end":{"line":444,"column":187}}},"73":{"name":"(anonymous_86)","decl":{"start":{"line":445,"column":34},"end":{"line":445,"column":42}},"loc":{"start":{"line":445,"column":34},"end":{"line":445,"column":98}}},"74":{"name":"(anonymous_87)","decl":{"start":{"line":448,"column":103},"end":{"line":448,"column":104}},"loc":{"start":{"line":448,"column":104},"end":{"line":448,"column":187}}},"75":{"name":"(anonymous_88)","decl":{"start":{"line":449,"column":34},"end":{"line":449,"column":42}},"loc":{"start":{"line":449,"column":34},"end":{"line":449,"column":98}}},"76":{"name":"(anonymous_89)","decl":{"start":{"line":452,"column":103},"end":{"line":452,"column":104}},"loc":{"start":{"line":452,"column":104},"end":{"line":452,"column":187}}},"77":{"name":"(anonymous_90)","decl":{"start":{"line":453,"column":34},"end":{"line":453,"column":42}},"loc":{"start":{"line":453,"column":34},"end":{"line":453,"column":98}}},"78":{"name":"(anonymous_91)","decl":{"start":{"line":456,"column":103},"end":{"line":456,"column":104}},"loc":{"start":{"line":456,"column":104},"end":{"line":456,"column":187}}},"79":{"name":"(anonymous_92)","decl":{"start":{"line":457,"column":34},"end":{"line":457,"column":42}},"loc":{"start":{"line":457,"column":34},"end":{"line":457,"column":98}}},"80":{"name":"(anonymous_93)","decl":{"start":{"line":460,"column":105},"end":{"line":460,"column":106}},"loc":{"start":{"line":460,"column":106},"end":{"line":460,"column":189}}},"81":{"name":"(anonymous_94)","decl":{"start":{"line":461,"column":34},"end":{"line":461,"column":42}},"loc":{"start":{"line":461,"column":34},"end":{"line":461,"column":99}}},"82":{"name":"(anonymous_95)","decl":{"start":{"line":466,"column":31},"end":{"line":466,"column":39}},"loc":{"start":{"line":466,"column":31},"end":{"line":466,"column":73}}},"83":{"name":"(anonymous_96)","decl":{"start":{"line":467,"column":31},"end":{"line":467,"column":39}},"loc":{"start":{"line":467,"column":31},"end":{"line":467,"column":81}}},"84":{"name":"(anonymous_97)","decl":{"start":{"line":489,"column":101},"end":{"line":489,"column":102}},"loc":{"start":{"line":489,"column":102},"end":{"line":489,"column":173}}},"85":{"name":"(anonymous_98)","decl":{"start":{"line":490,"column":34},"end":{"line":490,"column":42}},"loc":{"start":{"line":490,"column":34},"end":{"line":490,"column":86}}},"86":{"name":"(anonymous_99)","decl":{"start":{"line":493,"column":101},"end":{"line":493,"column":102}},"loc":{"start":{"line":493,"column":102},"end":{"line":493,"column":173}}},"87":{"name":"(anonymous_100)","decl":{"start":{"line":494,"column":34},"end":{"line":494,"column":42}},"loc":{"start":{"line":494,"column":34},"end":{"line":494,"column":86}}},"88":{"name":"(anonymous_101)","decl":{"start":{"line":497,"column":101},"end":{"line":497,"column":102}},"loc":{"start":{"line":497,"column":102},"end":{"line":497,"column":173}}},"89":{"name":"(anonymous_102)","decl":{"start":{"line":498,"column":34},"end":{"line":498,"column":42}},"loc":{"start":{"line":498,"column":34},"end":{"line":498,"column":86}}},"90":{"name":"(anonymous_103)","decl":{"start":{"line":501,"column":101},"end":{"line":501,"column":102}},"loc":{"start":{"line":501,"column":102},"end":{"line":501,"column":173}}},"91":{"name":"(anonymous_104)","decl":{"start":{"line":502,"column":34},"end":{"line":502,"column":42}},"loc":{"start":{"line":502,"column":34},"end":{"line":502,"column":86}}},"92":{"name":"(anonymous_105)","decl":{"start":{"line":505,"column":101},"end":{"line":505,"column":102}},"loc":{"start":{"line":505,"column":102},"end":{"line":505,"column":173}}},"93":{"name":"(anonymous_106)","decl":{"start":{"line":506,"column":34},"end":{"line":506,"column":42}},"loc":{"start":{"line":506,"column":34},"end":{"line":506,"column":86}}},"94":{"name":"(anonymous_107)","decl":{"start":{"line":511,"column":31},"end":{"line":511,"column":39}},"loc":{"start":{"line":511,"column":31},"end":{"line":511,"column":73}}},"95":{"name":"(anonymous_108)","decl":{"start":{"line":512,"column":31},"end":{"line":512,"column":39}},"loc":{"start":{"line":512,"column":31},"end":{"line":512,"column":69}}},"96":{"name":"(anonymous_109)","decl":{"start":{"line":533,"column":104},"end":{"line":533,"column":105}},"loc":{"start":{"line":533,"column":105},"end":{"line":533,"column":174}}},"97":{"name":"(anonymous_110)","decl":{"start":{"line":534,"column":34},"end":{"line":534,"column":42}},"loc":{"start":{"line":534,"column":34},"end":{"line":534,"column":84}}},"98":{"name":"(anonymous_111)","decl":{"start":{"line":537,"column":104},"end":{"line":537,"column":105}},"loc":{"start":{"line":537,"column":105},"end":{"line":537,"column":174}}},"99":{"name":"(anonymous_112)","decl":{"start":{"line":538,"column":34},"end":{"line":538,"column":42}},"loc":{"start":{"line":538,"column":34},"end":{"line":538,"column":84}}},"100":{"name":"(anonymous_113)","decl":{"start":{"line":541,"column":104},"end":{"line":541,"column":105}},"loc":{"start":{"line":541,"column":105},"end":{"line":541,"column":174}}},"101":{"name":"(anonymous_114)","decl":{"start":{"line":542,"column":34},"end":{"line":542,"column":42}},"loc":{"start":{"line":542,"column":34},"end":{"line":542,"column":84}}},"102":{"name":"(anonymous_115)","decl":{"start":{"line":545,"column":104},"end":{"line":545,"column":105}},"loc":{"start":{"line":545,"column":105},"end":{"line":545,"column":174}}},"103":{"name":"(anonymous_116)","decl":{"start":{"line":546,"column":34},"end":{"line":546,"column":42}},"loc":{"start":{"line":546,"column":34},"end":{"line":546,"column":84}}},"104":{"name":"(anonymous_117)","decl":{"start":{"line":549,"column":104},"end":{"line":549,"column":105}},"loc":{"start":{"line":549,"column":105},"end":{"line":549,"column":174}}},"105":{"name":"(anonymous_118)","decl":{"start":{"line":550,"column":34},"end":{"line":550,"column":42}},"loc":{"start":{"line":550,"column":34},"end":{"line":550,"column":84}}},"106":{"name":"(anonymous_119)","decl":{"start":{"line":555,"column":31},"end":{"line":555,"column":39}},"loc":{"start":{"line":555,"column":31},"end":{"line":555,"column":73}}},"107":{"name":"(anonymous_120)","decl":{"start":{"line":556,"column":31},"end":{"line":556,"column":39}},"loc":{"start":{"line":556,"column":31},"end":{"line":556,"column":67}}},"108":{"name":"(anonymous_121)","decl":{"start":{"line":578,"column":105},"end":{"line":578,"column":106}},"loc":{"start":{"line":578,"column":106},"end":{"line":578,"column":175}}},"109":{"name":"(anonymous_122)","decl":{"start":{"line":579,"column":34},"end":{"line":579,"column":42}},"loc":{"start":{"line":579,"column":34},"end":{"line":579,"column":84}}},"110":{"name":"(anonymous_123)","decl":{"start":{"line":582,"column":105},"end":{"line":582,"column":106}},"loc":{"start":{"line":582,"column":106},"end":{"line":582,"column":175}}},"111":{"name":"(anonymous_124)","decl":{"start":{"line":583,"column":34},"end":{"line":583,"column":42}},"loc":{"start":{"line":583,"column":34},"end":{"line":583,"column":84}}},"112":{"name":"(anonymous_125)","decl":{"start":{"line":586,"column":105},"end":{"line":586,"column":106}},"loc":{"start":{"line":586,"column":106},"end":{"line":586,"column":175}}},"113":{"name":"(anonymous_126)","decl":{"start":{"line":587,"column":34},"end":{"line":587,"column":42}},"loc":{"start":{"line":587,"column":34},"end":{"line":587,"column":84}}},"114":{"name":"(anonymous_127)","decl":{"start":{"line":590,"column":105},"end":{"line":590,"column":106}},"loc":{"start":{"line":590,"column":106},"end":{"line":590,"column":175}}},"115":{"name":"(anonymous_128)","decl":{"start":{"line":591,"column":34},"end":{"line":591,"column":42}},"loc":{"start":{"line":591,"column":34},"end":{"line":591,"column":84}}},"116":{"name":"(anonymous_129)","decl":{"start":{"line":594,"column":105},"end":{"line":594,"column":106}},"loc":{"start":{"line":594,"column":106},"end":{"line":594,"column":175}}},"117":{"name":"(anonymous_130)","decl":{"start":{"line":595,"column":34},"end":{"line":595,"column":42}},"loc":{"start":{"line":595,"column":34},"end":{"line":595,"column":84}}},"118":{"name":"(anonymous_131)","decl":{"start":{"line":600,"column":31},"end":{"line":600,"column":39}},"loc":{"start":{"line":600,"column":31},"end":{"line":600,"column":71}}},"119":{"name":"(anonymous_132)","decl":{"start":{"line":601,"column":31},"end":{"line":601,"column":39}},"loc":{"start":{"line":601,"column":31},"end":{"line":601,"column":67}}},"120":{"name":"(anonymous_133)","decl":{"start":{"line":623,"column":88},"end":{"line":623,"column":89}},"loc":{"start":{"line":623,"column":89},"end":{"line":623,"column":140}}},"121":{"name":"(anonymous_134)","decl":{"start":{"line":628,"column":31},"end":{"line":628,"column":39}},"loc":{"start":{"line":628,"column":31},"end":{"line":628,"column":71}}},"122":{"name":"(anonymous_135)","decl":{"start":{"line":629,"column":31},"end":{"line":629,"column":39}},"loc":{"start":{"line":629,"column":31},"end":{"line":629,"column":79}}}},"branchMap":{"0":{"loc":{"start":{"line":92,"column":4},"end":{"line":94,"column":null}},"type":"if","locations":[{"start":{"line":92,"column":4},"end":{"line":94,"column":null}}]},"1":{"loc":{"start":{"line":92,"column":7},"end":{"line":92,"column":99}},"type":"binary-expr","locations":[{"start":{"line":92,"column":7},"end":{"line":92,"column":54}},{"start":{"line":92,"column":54},"end":{"line":92,"column":99}}]},"2":{"loc":{"start":{"line":139,"column":4},"end":{"line":160,"column":null}},"type":"if","locations":[{"start":{"line":139,"column":4},"end":{"line":160,"column":null}},{"start":{"line":148,"column":9},"end":{"line":160,"column":null}}]},"3":{"loc":{"start":{"line":185,"column":10},"end":{"line":191,"column":null}},"type":"if","locations":[{"start":{"line":185,"column":10},"end":{"line":191,"column":null}}]},"4":{"loc":{"start":{"line":186,"column":12},"end":{"line":191,"column":null}},"type":"if","locations":[{"start":{"line":186,"column":12},"end":{"line":191,"column":null}}]},"5":{"loc":{"start":{"line":200,"column":2},"end":{"line":676,"column":null}},"type":"if","locations":[{"start":{"line":200,"column":2},"end":{"line":676,"column":null}},{"start":{"line":670,"column":7},"end":{"line":676,"column":null}}]},"6":{"loc":{"start":{"line":211,"column":9},"end":{"line":211,"column":null}},"type":"binary-expr","locations":[{"start":{"line":211,"column":9},"end":{"line":211,"column":null}}]},"7":{"loc":{"start":{"line":226,"column":36},"end":{"line":226,"column":132}},"type":"cond-expr","locations":[{"start":{"line":226,"column":68},"end":{"line":226,"column":94}},{"start":{"line":226,"column":94},"end":{"line":226,"column":132}}]},"8":{"loc":{"start":{"line":230,"column":37},"end":{"line":230,"column":133}},"type":"cond-expr","locations":[{"start":{"line":230,"column":69},"end":{"line":230,"column":95}},{"start":{"line":230,"column":95},"end":{"line":230,"column":133}}]},"9":{"loc":{"start":{"line":241,"column":9},"end":{"line":241,"column":null}},"type":"binary-expr","locations":[{"start":{"line":241,"column":9},"end":{"line":241,"column":null}}]},"10":{"loc":{"start":{"line":256,"column":95},"end":{"line":256,"column":191}},"type":"cond-expr","locations":[{"start":{"line":256,"column":127},"end":{"line":256,"column":153}},{"start":{"line":256,"column":153},"end":{"line":256,"column":191}}]},"11":{"loc":{"start":{"line":260,"column":95},"end":{"line":260,"column":191}},"type":"cond-expr","locations":[{"start":{"line":260,"column":127},"end":{"line":260,"column":153}},{"start":{"line":260,"column":153},"end":{"line":260,"column":191}}]},"12":{"loc":{"start":{"line":264,"column":95},"end":{"line":264,"column":191}},"type":"cond-expr","locations":[{"start":{"line":264,"column":127},"end":{"line":264,"column":153}},{"start":{"line":264,"column":153},"end":{"line":264,"column":191}}]},"13":{"loc":{"start":{"line":268,"column":95},"end":{"line":268,"column":191}},"type":"cond-expr","locations":[{"start":{"line":268,"column":127},"end":{"line":268,"column":153}},{"start":{"line":268,"column":153},"end":{"line":268,"column":191}}]},"14":{"loc":{"start":{"line":280,"column":9},"end":{"line":280,"column":null}},"type":"binary-expr","locations":[{"start":{"line":280,"column":9},"end":{"line":280,"column":null}}]},"15":{"loc":{"start":{"line":295,"column":95},"end":{"line":295,"column":191}},"type":"cond-expr","locations":[{"start":{"line":295,"column":127},"end":{"line":295,"column":153}},{"start":{"line":295,"column":153},"end":{"line":295,"column":191}}]},"16":{"loc":{"start":{"line":299,"column":95},"end":{"line":299,"column":191}},"type":"cond-expr","locations":[{"start":{"line":299,"column":127},"end":{"line":299,"column":153}},{"start":{"line":299,"column":153},"end":{"line":299,"column":191}}]},"17":{"loc":{"start":{"line":303,"column":95},"end":{"line":303,"column":191}},"type":"cond-expr","locations":[{"start":{"line":303,"column":127},"end":{"line":303,"column":153}},{"start":{"line":303,"column":153},"end":{"line":303,"column":191}}]},"18":{"loc":{"start":{"line":307,"column":95},"end":{"line":307,"column":191}},"type":"cond-expr","locations":[{"start":{"line":307,"column":127},"end":{"line":307,"column":153}},{"start":{"line":307,"column":153},"end":{"line":307,"column":191}}]},"19":{"loc":{"start":{"line":311,"column":95},"end":{"line":311,"column":191}},"type":"cond-expr","locations":[{"start":{"line":311,"column":127},"end":{"line":311,"column":153}},{"start":{"line":311,"column":153},"end":{"line":311,"column":191}}]},"20":{"loc":{"start":{"line":315,"column":95},"end":{"line":315,"column":191}},"type":"cond-expr","locations":[{"start":{"line":315,"column":127},"end":{"line":315,"column":153}},{"start":{"line":315,"column":153},"end":{"line":315,"column":191}}]},"21":{"loc":{"start":{"line":328,"column":9},"end":{"line":328,"column":null}},"type":"binary-expr","locations":[{"start":{"line":328,"column":9},"end":{"line":328,"column":null}}]},"22":{"loc":{"start":{"line":343,"column":95},"end":{"line":343,"column":191}},"type":"cond-expr","locations":[{"start":{"line":343,"column":127},"end":{"line":343,"column":153}},{"start":{"line":343,"column":153},"end":{"line":343,"column":191}}]},"23":{"loc":{"start":{"line":347,"column":95},"end":{"line":347,"column":191}},"type":"cond-expr","locations":[{"start":{"line":347,"column":127},"end":{"line":347,"column":153}},{"start":{"line":347,"column":153},"end":{"line":347,"column":191}}]},"24":{"loc":{"start":{"line":361,"column":9},"end":{"line":361,"column":null}},"type":"binary-expr","locations":[{"start":{"line":361,"column":9},"end":{"line":361,"column":null}}]},"25":{"loc":{"start":{"line":375,"column":119},"end":{"line":375,"column":268}},"type":"cond-expr","locations":[{"start":{"line":375,"column":154},"end":{"line":375,"column":212}},{"start":{"line":375,"column":212},"end":{"line":375,"column":268}}]},"26":{"loc":{"start":{"line":376,"column":42},"end":{"line":376,"column":161}},"type":"cond-expr","locations":[{"start":{"line":376,"column":77},"end":{"line":376
[...]
lumn":13},"end":{"line":92,"column":null}},"loc":{"start":{"line":92,"column":13},"end":{"line":94,"column":null}}},"7":{"name":"(anonymous_7)","decl":{"start":{"line":98,"column":27},"end":{"line":98,"column":null}},"loc":{"start":{"line":98,"column":27},"end":{"line":130,"column":null}}},"8":{"name":"(anonymous_8)","decl":{"start":{"line":109,"column":41},"end":{"line":109,"column":49}},"loc":{"start":{"line":109,"column":41},"end":{"line":109,"column":85}}},"9":{"name":"(anonymous_9)","decl":{"start":{"line":110,"column":44},"end":{"line":110,"column":52}},"loc":{"start":{"line":110,"column":44},"end":{"line":110,"column":88}}},"10":{"name":"(anonymous_10)","decl":{"start":{"line":123,"column":41},"end":{"line":123,"column":42}},"loc":{"start":{"line":123,"column":42},"end":{"line":123,"column":86}}},"11":{"name":"(anonymous_11)","decl":{"start":{"line":124,"column":44},"end":{"line":124,"column":45}},"loc":{"start":{"line":124,"column":45},"end":{"line":124,"column":89}}},"12":{"name":"(anonymous_12)","decl":{"start":{"line":132,"column":12},"end":{"line":132,"column":null}},"loc":{"start":{"line":132,"column":12},"end":{"line":147,"column":5}}},"13":{"name":"(anonymous_13)","decl":{"start":{"line":138,"column":12},"end":{"line":138,"column":22}},"loc":{"start":{"line":138,"column":30},"end":{"line":142,"column":null}}},"14":{"name":"(anonymous_14)","decl":{"start":{"line":143,"column":13},"end":{"line":143,"column":null}},"loc":{"start":{"line":143,"column":13},"end":{"line":145,"column":null}}},"15":{"name":"(anonymous_15)","decl":{"start":{"line":149,"column":12},"end":{"line":149,"column":null}},"loc":{"start":{"line":149,"column":12},"end":{"line":159,"column":5}}},"16":{"name":"(anonymous_16)","decl":{"start":{"line":151,"column":12},"end":{"line":151,"column":22}},"loc":{"start":{"line":151,"column":30},"end":{"line":155,"column":null}}},"17":{"name":"(anonymous_17)","decl":{"start":{"line":156,"column":13},"end":{"line":156,"column":null}},"loc":{"start":{"line":156,"column":13},"end":{"line":158,"column":null}}},"18":{"name":"(anonymous_18)","decl":{"start":{"line":161,"column":20},"end":{"line":161,"column":null}},"loc":{"start":{"line":161,"column":20},"end":{"line":227,"column":null}}},"19":{"name":"(anonymous_19)","decl":{"start":{"line":239,"column":36},"end":{"line":239,"column":37}},"loc":{"start":{"line":239,"column":37},"end":{"line":239,"column":73}}},"20":{"name":"(anonymous_20)","decl":{"start":{"line":239,"column":83},"end":{"line":239,"column":84}},"loc":{"start":{"line":239,"column":84},"end":{"line":239,"column":122}}},"21":{"name":"(anonymous_21)","decl":{"start":{"line":240,"column":62},"end":{"line":240,"column":70}},"loc":{"start":{"line":240,"column":62},"end":{"line":240,"column":80}}},"22":{"name":"(anonymous_22)","decl":{"start":{"line":246,"column":36},"end":{"line":246,"column":37}},"loc":{"start":{"line":246,"column":37},"end":{"line":246,"column":104}}},"23":{"name":"(anonymous_23)","decl":{"start":{"line":252,"column":34},"end":{"line":252,"column":35}},"loc":{"start":{"line":252,"column":35},"end":{"line":252,"column":70}}},"24":{"name":"(anonymous_24)","decl":{"start":{"line":276,"column":34},"end":{"line":276,"column":41}},"loc":{"start":{"line":276,"column":34},"end":{"line":276,"column":69}}},"25":{"name":"(anonymous_25)","decl":{"start":{"line":294,"column":34},"end":{"line":294,"column":41}},"loc":{"start":{"line":294,"column":34},"end":{"line":294,"column":67}}},"26":{"name":"(anonymous_26)","decl":{"start":{"line":306,"column":106},"end":{"line":306,"column":113}},"loc":{"start":{"line":306,"column":106},"end":{"line":306,"column":null}}},"27":{"name":"(anonymous_27)","decl":{"start":{"line":339,"column":59},"end":{"line":339,"column":60}},"loc":{"start":{"line":340,"column":20},"end":{"line":340,"column":38}}},"28":{"name":"(anonymous_28)","decl":{"start":{"line":503,"column":182},"end":{"line":503,"column":190}},"loc":{"start":{"line":503,"column":182},"end":{"line":503,"column":476}}},"29":{"name":"(anonymous_29)","decl":{"start":{"line":504,"column":190},"end":{"line":504,"column":198}},"loc":{"start":{"line":504,"column":190},"end":{"line":504,"column":484}}},"30":{"name":"(anonymous_30)","decl":{"start":{"line":523,"column":42},"end":{"line":523,"column":49}},"loc":{"start":{"line":523,"column":42},"end":{"line":523,"column":112}}},"31":{"name":"(anonymous_31)","decl":{"start":{"line":530,"column":42},"end":{"line":530,"column":49}},"loc":{"start":{"line":530,"column":42},"end":{"line":530,"column":137}}},"32":{"name":"(anonymous_32)","decl":{"start":{"line":542,"column":50},"end":{"line":542,"column":56}},"loc":{"start":{"line":542,"column":56},"end":{"line":542,"column":null}}}},"branchMap":{"0":{"loc":{"start":{"line":85,"column":4},"end":{"line":85,"column":null}},"type":"if","locations":[{"start":{"line":85,"column":4},"end":{"line":85,"column":null}}]},"1":{"loc":{"start":{"line":106,"column":4},"end":{"line":126,"column":null}},"type":"if","locations":[{"start":{"line":106,"column":4},"end":{"line":126,"column":null}},{"start":{"line":120,"column":9},"end":{"line":126,"column":null}}]},"2":{"loc":{"start":{"line":108,"column":8},"end":{"line":110,"column":34}},"type":"if","locations":[{"start":{"line":108,"column":8},"end":{"line":110,"column":34}},{"start":{"line":110,"column":13},"end":{"line":110,"column":34}}]},"3":{"loc":{"start":{"line":122,"column":8},"end":{"line":124,"column":34}},"type":"if","locations":[{"start":{"line":122,"column":8},"end":{"line":124,"column":34}},{"start":{"line":124,"column":13},"end":{"line":124,"column":34}}]},"4":{"loc":{"start":{"line":134,"column":4},"end":{"line":134,"column":null}},"type":"if","locations":[{"start":{"line":134,"column":4},"end":{"line":134,"column":null}}]},"5":{"loc":{"start":{"line":163,"column":4},"end":{"line":165,"column":null}},"type":"if","locations":[{"start":{"line":163,"column":4},"end":{"line":165,"column":null}}]},"6":{"loc":{"start":{"line":167,"column":4},"end":{"line":222,"column":null}},"type":"if","locations":[{"start":{"line":167,"column":4},"end":{"line":222,"column":null}},{"start":{"line":181,"column":9},"end":{"line":222,"column":null}}]},"7":{"loc":{"start":{"line":167,"column":8},"end":{"line":167,"column":160}},"type":"binary-expr","locations":[{"start":{"line":167,"column":8},"end":{"line":167,"column":23}},{"start":{"line":167,"column":23},"end":{"line":167,"column":40}},{"start":{"line":167,"column":40},"end":{"line":167,"column":57}},{"start":{"line":167,"column":57},"end":{"line":167,"column":74}},{"start":{"line":167,"column":74},"end":{"line":167,"column":91}},{"start":{"line":167,"column":91},"end":{"line":167,"column":108}},{"start":{"line":167,"column":108},"end":{"line":167,"column":125}},{"start":{"line":167,"column":125},"end":{"line":167,"column":143}},{"start":{"line":167,"column":143},"end":{"line":167,"column":156}}]},"8":{"loc":{"start":{"line":169,"column":8},"end":{"line":178,"column":null}},"type":"if","locations":[{"start":{"line":169,"column":8},"end":{"line":178,"column":null}},{"start":{"line":174,"column":13},"end":{"line":178,"column":null}}]},"9":{"loc":{"start":{"line":181,"column":9},"end":{"line":222,"column":null}},"type":"if","locations":[{"start":{"line":181,"column":9},"end":{"line":222,"column":null}},{"start":{"line":195,"column":9},"end":{"line":222,"column":null}}]},"10":{"loc":{"start":{"line":181,"column":13},"end":{"line":181,"column":113}},"type":"binary-expr","locations":[{"start":{"line":181,"column":13},"end":{"line":181,"column":28}},{"start":{"line":181,"column":28},"end":{"line":181,"column":45}},{"start":{"line":181,"column":45},"end":{"line":181,"column":62}},{"start":{"line":181,"column":62},"end":{"line":181,"column":79}},{"start":{"line":181,"column":79},"end":{"line":181,"column":96}},{"start":{"line":181,"column":96},"end":{"line":181,"column":109}}]},"11":{"loc":{"start":{"line":183,"column":8},"end":{"line":192,"column":null}},"type":"if","locations":[{"start":{"line":183,"column":8},"end":{"line":192,"column":null}},{"start":{"line":188,"column":13},"end":{"line":192,"column":null}}]},"12":{"loc":{"start":{"line":195,"column":9},"end":{"line":222,"column":null}},"type":"if","locations":[{"start":{"line":195,"column":9},"end":{"line":222,"column":null}},{"start":{"line":209,"column":9},"end":{"line":222,"column":null}}]},"13":{"loc":{"start":{"line":195,"column":13},"end":{"line":195,"column":73}},"type":"binary-expr","locations":[{"start":{"line":195,"column":13},"end":{"line":195,"column":32}},{"start":{"line":195,"column":32},"end":{"line":195,"column":54}},{"start":{"line":195,"column":54},"end":{"line":195,"column":73}}]},"14":{"loc":{"start":{"line":197,"column":8},"end":{"line":206,"column":null}},"type":"if","locations":[{"start":{"line":197,"column":8},"end":{"line":206,"column":null}},{"start":{"line":202,"column":13},"end":{"line":206,"column":null}}]},"15":{"loc":{"start":{"line":211,"column":8},"end":{"line":220,"column":null}},"type":"if","locations":[{"start":{"line":211,"column":8},"end":{"line":220,"column":null}},{"start":{"line":216,"column":13},"end":{"line":220,"column":null}}]},"16":{"loc":{"start":{"line":239,"column":45},"end":{"line":239,"column":70}},"type":"binary-expr","locations":[{"start":{"line":239,"column":45},"end":{"line":239,"column":63}},{"start":{"line":239,"column":63},"end":{"line":239,"column":70}}]},"17":{"loc":{"start":{"line":246,"column":49},"end":{"line":246,"column":101}},"type":"cond-expr","locations":[{"start":{"line":246,"column":72},"end":{"line":246,"column":87}},{"start":{"line":246,"column":87},"end":{"line":246,"column":101}}]},"18":{"loc":{"start":{"line":339,"column":44},"end":{"line":340,"column":38}},"type":"cond-expr","locations":[{"start":{"line":339,"column":44},"end":{"line":340,"column":38}}]},"19":{"loc":{"start":{"line":342,"column":69},"end":{"line":342,"column":null}},"type":"binary-expr","locations":[{"start":{"line":342,"column":69},"end":{"line":342,"column":84}},{"start":{"line":342,"column":88},"end":{"line":342,"column":null}}]},"20":{"loc":{"start":{"line":343,"column":68},"end":{"line":343,"column":null}},"type":"binary-expr","locations":[{"start":{"line":343,"column":68},"end":{"line":343,"column":91}},{"start":{"line":343,"column":95},"end":{"line":343,"column":null}}]},"21":{"loc":{"start":{"line":348,"column":25},"end":{"line":348,"column":48}},"type":"binary-expr","locations":[{"start":{"line":348,"column":25},"end":{"line":348,"column":48}}]},"22":{"loc":{"start":{"line":349,"column":25},"end":{"line":349,"column":48}},"type":"binary-expr","locations":[{"start":{"line":349,"column":25},"end":{"line":349,"column":48}}]},"23":{"loc":{"start":{"line":354,"column":57},"end":{"line":354,"column":null}},"type":"binary-expr","locations":[{"start":{"line":354,"column":57},"end":{"line":354,"column":72}},{"start":{"line":354,"column":76},"end":{"line":354,"column":null}}]},"24":{"loc":{"start":{"line":355,"column":58},"end":{"line":355,"column":null}},"type":"binary-expr","locations":[{"start":{"line":355,"column":58},"end":{"line":355,"column":74}},{"start":{"line":355,"column":78},"end":{"line":355,"column":null}}]},"25":{"loc":{"start":{"line":358,"column":26},"end":{"line":358,"column":51}},"type":"binary-expr","locations":[{"start":{"line":358,"column":26},"end":{"line":358,"column":51}}]},"26":{"loc":{"start":{"line":367,"column":26},"end":{"line":367,"column":48}},"type":"binary-expr","locations":[{"start":{"line":367,"column":26},"end":{"line":367,"column":48}}]},"27":{"loc":{"start":{"line":376,"column":26},"end":{"line":376,"column":48}},"type":"binary-expr","locations":[{"start":{"line":376,"column":26},"end":{"line":376,"column":48}}]},"28":{"loc":{"start":{"line":385,"column":26},"end":{"line":385,"column":50}},"type":"binary-expr","locations":[{"start":{"line":385,"column":26},"end":{"line":385,"column":50}}]},"29":{"loc":{"start":{"line":394,"column":26},"end":{"line":394,"column":48}},"type":"binary-expr","locations":[{"start":{"line":394,"column":26},"end":{"line":394,"column":48}}]},"30":{"loc":{"start":{"line":406,"column":26},"end":{"line":406,"column":53}},"type":"binary-expr","locations":[{"start":{"line":406,"column":26},"end":{"line":406,"column":53}}]},"31":{"loc":{"start":{"line":415,"column":26},"end":{"line":415,"column":50}},"type":"binary-expr","locations":[{"start":{"line":415,"column":26},"end":{"line":415,"column":50}}]},"32":{"loc":{"start":{"line":424,"column":26},"end":{"line":424,"column":50}},"type":"binary-expr","locations":[{"start":{"line":424,"column":26},"end":{"line":424,"column":50}}]},"33":{"loc":{"start":{"line":433,"column":26},"end":{"line":433,"column":52}},"type":"binary-expr","locations":[{"start":{"line":433,"column":26},"end":{"line":433,"column":52}}]},"34":{"loc":{"start":{"line":442,"column":26},"end":{"line":442,"column":50}},"type":"binary-expr","locations":[{"start":{"line":442,"column":26},"end":{"line":442,"column":50}}]},"35":{"loc":{"start":{"line":455,"column":26},"end":{"line":455,"column":56}},"type":"binary-expr","locations":[{"start":{"line":455,"column":26},"end":{"line":455,"column":56}}]},"36":{"loc":{"start":{"line":464,"column":26},"end":{"line":464,"column":53}},"type":"binary-expr","locations":[{"start":{"line":464,"column":26},"end":{"line":464,"column":53}}]},"37":{"loc":{"start":{"line":473,"column":26},"end":{"line":473,"column":53}},"type":"binary-expr","locations":[{"start":{"line":473,"column":26},"end":{"line":473,"column":53}}]},"38":{"loc":{"start":{"line":482,"column":26},"end":{"line":482,"column":55}},"type":"binary-expr","locations":[{"start":{"line":482,"column":26},"end":{"line":482,"column":55}}]},"39":{"loc":{"start":{"line":491,"column":26},"end":{"line":491,"column":53}},"type":"binary-expr","locations":[{"start":{"line":491,"column":26},"end":{"line":491,"column":53}}]},"40":{"loc":{"start":{"line":501,"column":69},"end":{"line":501,"column":null}},"type":"binary-expr","locations":[{"start":{"line":501,"column":69},"end":{"line":501,"column":81}},{"start":{"line":501,"column":85},"end":{"line":501,"column":null}}]},"41":{"loc":{"start":{"line":503,"column":24},"end":{"line":503,"column":48}},"type":"binary-expr","locations":[{"start":{"line":503,"column":24},"end":{"line":503,"column":48}}]},"42":{"loc":{"start":{"line":504,"column":24},"end":{"line":504,"column":48}},"type":"binary-expr","locations":[{"start":{"line":504,"column":24},"end":{"line":504,"column":48}}]},"43":{"loc":{"start":{"line":523,"column":69},"end":{"line":523,"column":108}},"type":"if","locations":[{"start":{"line":523,"column":69},"end":{"line":523,"column":108}}]},"44":{"loc":{"start":{"line":530,"column":69},"end":{"line":530,"column":133}},"type":"if","locations":[{"start":{"line":530,"column":69},"end":{"line":530,"column":133}}]},"45":{"loc":{"start":{"line":552,"column":17},"end":{"line":552,"column":42}},"type":"binary-expr","locations":[{"start":{"line":552,"column":17},"end":{"line":552,"column":42}}]},"46":{"loc":{"start":{"line":553,"column":17},"end":{"line":553,"column":42}},"type":"binary-expr","locations":[{"start":{"line":553,"column":17},"end":{"line":553,"column":42}}]},"47":{"loc":{"start":{"line":588,"column":18},"end":{"line":588,"column":45}},"type":"binary-expr","locations":[{"start":{"line":588,"column":18},"end":{"line":588,"column":45}}]},"48":{"loc":{"start":{"line":597,"column":18},"end":{"line":597,"column":42}},"type":"binary-expr","locations":[{"start":{"line":597,"column":18},"end":{"line":597,"column":42}}]},"49":{"loc":{"start":{"line":606,"column":18},"end":{"line":606,"column":42}},"type":"binary-expr","locations":[{"start":{"line":606,"column":18},"end":{"line":606,"column":42}}]},"50":{"loc":{"start":{"line":615,"column":18},"end":{"line":615,"column":44}},"type":"binary-expr","locations":[{"start":{"line":615,"column":18},"end":{"line":615,"column":44}}]},"51":{"loc":{"start":{"line":624,"column":18},"end":{"line":624,"column":42}},"type":"binary-expr","locations":[{"start":{"line":624,"column":18},"end":{"line":624,"column":42}}]},"52":{"loc":{"start":{"line":637,"column":18},"end":{"line":637,"column":47}},"type":"binary-expr","locations":[{"start":{"line":637,"column":18},"end":{"line":637,"column":47}}]},"53":{"loc":{"start":{"line":646,"column":18},"end":{"line":646,"column":44}},"type":"binary-expr","locations":[{"start":{"line":646,"column":18},"end":{"line":646,"column":44}}]},"54":{"loc":{"start":{"line":655,"column":18},"end":{"line":655,"column":44}},"type":"binary-expr","locations":[{"start":{"line":655,"column":18},"end":{"line":655,"column":44}}]},"55":{"loc":{"start":{"line":664,"column":18},"end":{"line":664,"column":46}},"type":"binary-expr","locations":[{"start":{"line":664,"column":18},"end":{"line":664,"column":46}}]},"56":{"loc":{"start":{"line":673,"column":18},"end":{"line":673,"column":44}},"type":"binary-expr","locations":[{"start":{"line":673,"column":18},"end":{"line":673,"column":44}}]},"57":{"loc":{"start":{"line":686,"column":18},"end":{"line":686,"column":50}},"type":"binary-expr","locations":[{"start":{"line":686,"column":18},"end":{"line":686,"column":50}}]},"58":{"loc":{"start":{"line":695,"column":18},"end":{"line":695,"column":47}},"type":"binary-expr","locations":[{"start":{"line":695,"column":18},"end":{"line":695,"column":47}}]},"59":{"loc":{"start":{"line":704,"column":18},"end":{"line":704,"column":47}},"type":"binary-expr","locations":[{"start":{"line":704,"column":18},"end":{"line":704,"column":47}}]},"60":{"loc":{"start":{"line":713,"column":18},"end":{"line":713,"column":49}},"type":"binary-expr","locations":[{"start":{"line":713,"column":18},"end":{"line":713,"column":49}}]},"61":{"loc":{"start":{"line":722,"column":18},"end":{"line":722,"column":47}},"type":"binary-expr","locations":[{"start":{"line":722,"column":18},"end":{"line":722,"column":47}}]}},"s":{"0":0,"1":0,"2":0,"3":0,"4":0,"5":0,"6":0,"7":0,"8":0,"9":0,"10":0,"11":0,"12":0,"13":0,"14":0,"15":0,"16":0,"17":0,"18":0,"19":0,"20":0,"21":0,"22":0,"23":0,"24":0,"25":0,"26":0,"27":0,"28":0,"29":0,"30":0,"31":0,"32":0,"33":0,"34":0,"35":0,"36":0,"37":0,"38":0,"39":0,"40":0,"41":0,"42":0,"43":0,"44":0,"45":0,"46":0,"47":0,"48":0,"49":0,"50":0,"51":0,"52":0,"53":0,"54":0,"55":0,"56":0,"57":0,"58":0,"59":0,"60":0,"61":0,"62":0,"63":0,"64":0,"65":0,"66":0,"67":0,"68":0,"69":0,"70":0,"71":0,"72":0,"73":0,"74":0,"75":0,"76":0,"77":0,"78":0,"79":0,"80":0,"81":0,"82":0,"83":0,"84":0,"85":0,"86":0,"87":0,"88":0,"89":0,"90":0,"91":0,"92":0,"93":0,"94":0,"95":0,"96":0,"97":0,"98":0,"99":0,"100":0,"101":0,"102":0,"103":0,"104":0,"105":0,"106":0,"107":0,"108":0,"109":0,"110":0,"111":0,"112":0,"113":0,"114":0,"115":0,"116":0,"117":0,"118":0,"119":0,"120":0,"121":0,"122":0,"123":0,"124":0,"125":0,"126":0,"127":0,"128":0,"129":0,"130":0,"131":0,"132":0,"133":0},"f":{"0":0,"1":0,"2":0,"3":0,"4":0,"5":0,"6":0,"7":0,"8":0,"9":0,"10":0,"11":0,"12":0,"13":0,"14":0,"15":0,"16":0,"17":0,"18":0,"19":0,"20":0,"21":0,"22":0,"23":0,"24":0,"25":0,"26":0,"27":0,"28":0,"29":0,"30":0,"31":0,"32":0},"b":{"0":[0],"1":[0,0],"2":[0,0],"3":[0,0],"4":[0],"5":[0],"6":[0,0],"7":[0,0,0,0,0,0,0,0,0],"8":[0,0],"9":[0,0],"10":[0,0,0,0,0,0],"11":[0,0],"12":[0,0],"13":[0,0,0],"14":[0,0],"15":[0,0],"16":[0,0],"17":[0,0],"18":[0],"19":[0,0],"20":[0,0],"21":[0],"22":[0],"23":[0,0],"24":[0,0],"25":[0],"26":[0],"27":[0],"28":[0],"29":[0],"30":[0],"31":[0],"32":[0],"33":[0],"34":[0],"35":[0],"36":[0],"37":[0],"38":[0],"39":[0],"40":[0,0],"41":[0],"42":[0],"43":[0],"44":[0],"45":[0],"46":[0],"47":[0],"48":[0],"49":[0],"50":[0],"51":[0],"52":[0],"53":[0],"54":[0],"55":[0],"56":[0],"57":[0],"58":[0],"59":[0],"60":[0],"61":[0]}}
,"D:\\CW projcet\\survey\\frontend\\src\\store\\index.js": {"path":"D:\\CW projcet\\survey\\frontend\\src\\store\\index.js","statementMap":{"0":{"start":{"line":5,"column":24},"end":{"line":8,"column":null}}},"fnMap":{},"branchMap":{},"s":{"0":0},"f":{},"b":{}}
}
