TN:
SF:src\App.jsx
FN:22,App
FN:23,(anonymous_1)
FNF:2
FNH:0
FNDA:0,App
FNDA:0,(anonymous_1)
DA:16,0
DA:17,0
DA:18,0
DA:19,0
DA:23,0
LF:5
LH:0
BRDA:17,0,0,0
BRDA:28,1,0,0
BRDA:28,1,1,0
BRDA:31,2,0,0
BRDA:32,3,0,0
BRDA:33,4,0,0
BRDA:34,5,0,0
BRDA:35,6,0,0
BRF:8
BRH:0
end_of_record
TN:
SF:src\app\config.js
FNF:0
FNH:0
DA:1,1
LF:1
LH:1
BRF:0
BRH:0
end_of_record
TN:
SF:src\components\header.jsx
FN:10,Header
FN:15,(anonymous_1)
FN:17,logout
FN:63,(anonymous_3)
FNF:4
FNH:0
FNDA:0,Header
FNDA:0,(anonymous_1)
FNDA:0,logout
FNDA:0,(anonymous_3)
DA:12,0
DA:13,0
DA:15,0
DA:18,0
DA:19,0
DA:63,0
LF:6
LH:0
BRF:0
BRH:0
end_of_record
TN:
SF:src\components\liftside.jsx
FN:10,LiftSide
FN:15,logout
FN:20,(anonymous_2)
FN:101,(anonymous_3)
FNF:4
FNH:0
FNDA:0,LiftSide
FNDA:0,logout
FNDA:0,(anonymous_2)
FNDA:0,(anonymous_3)
DA:12,0
DA:13,0
DA:16,0
DA:17,0
DA:20,0
DA:21,0
DA:22,0
DA:36,0
DA:37,0
DA:51,0
DA:52,0
DA:67,0
DA:101,0
LF:13
LH:0
BRDA:21,0,0,0
BRDA:21,0,1,0
BRDA:36,1,0,0
BRDA:36,1,1,0
BRDA:51,2,0,0
BRDA:51,2,1,0
BRDA:91,3,0,0
BRDA:96,4,0,0
BRF:8
BRH:0
end_of_record
TN:
SF:src\features\storeSlice.js
FN:8,(anonymous_0)
FN:15,(anonymous_1)
FN:23,(anonymous_2)
FN:38,(anonymous_3)
FN:41,(anonymous_4)
FN:46,(anonymous_5)
FN:49,(anonymous_6)
FN:53,(anonymous_7)
FN:58,(anonymous_8)
FN:62,(anonymous_9)
FN:67,(anonymous_10)
FN:73,(anonymous_11)
FN:77,(anonymous_12)
FN:81,(anonymous_13)
FNF:14
FNH:0
FNDA:0,(anonymous_0)
FNDA:0,(anonymous_1)
FNDA:0,(anonymous_2)
FNDA:0,(anonymous_3)
FNDA:0,(anonymous_4)
FNDA:0,(anonymous_5)
FNDA:0,(anonymous_6)
FNDA:0,(anonymous_7)
FNDA:0,(anonymous_8)
FNDA:0,(anonymous_9)
FNDA:0,(anonymous_10)
FNDA:0,(anonymous_11)
FNDA:0,(anonymous_12)
FNDA:0,(anonymous_13)
DA:6,0
DA:8,0
DA:9,0
DA:10,0
DA:13,0
DA:16,0
DA:17,0
DA:21,0
DA:24,0
DA:25,0
DA:29,0
DA:39,0
DA:42,0
DA:47,0
DA:50,0
DA:51,0
DA:54,0
DA:55,0
DA:59,0
DA:60,0
DA:63,0
DA:64,0
DA:65,0
DA:68,0
DA:69,0
DA:70,0
DA:74,0
DA:75,0
DA:78,0
DA:79,0
DA:82,0
DA:83,0
DA:87,0
LF:33
LH:0
BRF:0
BRH:0
end_of_record
TN:
SF:src\features\userSlice.js
FN:7,(anonymous_10)
FN:21,(anonymous_11)
FN:27,(anonymous_12)
FN:40,(anonymous_13)
FN:43,(anonymous_14)
FN:48,(anonymous_15)
FN:53,(anonymous_16)
FN:56,(anonymous_17)
FN:68,(anonymous_18)
FN:73,(anonymous_19)
FN:77,(anonymous_20)
FN:82,(anonymous_21)
FNF:12
FNH:1
FNDA:1,(anonymous_10)
FNDA:0,(anonymous_11)
FNDA:0,(anonymous_12)
FNDA:0,(anonymous_13)
FNDA:0,(anonymous_14)
FNDA:0,(anonymous_15)
FNDA:0,(anonymous_16)
FNDA:0,(anonymous_17)
FNDA:0,(anonymous_18)
FNDA:0,(anonymous_19)
FNDA:0,(anonymous_20)
FNDA:0,(anonymous_21)
DA:1,1
DA:2,1
DA:3,1
DA:5,1
DA:7,1
DA:8,1
DA:9,1
DA:10,1
DA:12,0
DA:13,0
DA:15,0
DA:19,1
DA:22,0
DA:23,0
DA:27,1
DA:28,0
DA:29,0
DA:32,1
DA:41,0
DA:44,0
DA:45,0
DA:46,0
DA:49,0
DA:54,0
DA:57,0
DA:58,0
DA:59,0
DA:60,0
DA:61,0
DA:62,0
DA:64,0
DA:65,0
DA:69,0
DA:70,0
DA:71,0
DA:74,0
DA:75,0
DA:78,0
DA:79,0
DA:83,0
DA:84,0
DA:88,1
DA:89,1
LF:43
LH:13
BRDA:12,0,0,0
BRDA:37,1,0,1
BRDA:37,1,1,1
BRDA:57,2,0,0
BRDA:57,2,1,0
BRDA:78,3,0,0
BRF:6
BRH:2
end_of_record
TN:
SF:src\lang\en.js
FNF:0
FNH:0
DA:1,0
LF:1
LH:0
BRF:0
BRH:0
end_of_record
TN:
SF:src\lang\japan.js
FNF:0
FNH:0
DA:1,0
LF:1
LH:0
BRF:0
BRH:0
end_of_record
TN:
SF:src\lang\lang.js
FN:6,(anonymous_0)
FNF:1
FNH:0
FNDA:0,(anonymous_0)
DA:7,0
DA:9,0
DA:11,0
DA:12,0
DA:14,0
DA:15,0
DA:17,0
DA:19,0
LF:8
LH:0
BRDA:9,0,0,0
BRDA:9,0,1,0
BRDA:9,0,2,0
BRDA:19,1,0,0
BRDA:19,1,1,0
BRF:5
BRH:0
end_of_record
TN:
SF:src\pages\graph.jsx
FN:36,ManageStore
FNF:1
FNH:0
FNDA:0,ManageStore
DA:16,0
DA:38,0
LF:2
LH:0
BRF:0
BRH:0
end_of_record
TN:
SF:src\pages\home.jsx
FN:18,Home
FN:22,(anonymous_1)
FN:24,(anonymous_2)
FNF:3
FNH:0
FNDA:0,Home
FNDA:0,(anonymous_1)
FNDA:0,(anonymous_2)
DA:10,0
DA:20,0
DA:22,0
DA:24,0
LF:4
LH:0
BRF:0
BRH:0
end_of_record
TN:
SF:src\pages\login.jsx
FN:10,Login
FN:14,(anonymous_5)
FN:34,(anonymous_6)
FN:45,(anonymous_7)
FN:51,(anonymous_8)
FNF:5
FNH:5
FNDA:4,Login
FNDA:4,(anonymous_5)
FNDA:1,(anonymous_6)
FNDA:1,(anonymous_7)
FNDA:1,(anonymous_8)
DA:3,1
DA:5,1
DA:7,1
DA:8,1
DA:14,4
DA:15,4
DA:17,4
DA:18,4
DA:34,4
DA:35,1
DA:36,1
DA:45,1
DA:51,1
DA:58,2
LF:14
LH:14
BRF:0
BRH:0
end_of_record
TN:
SF:src\pages\managestore.jsx
FN:37,ManageStore
FN:45,(anonymous_1)
FN:52,(anonymous_2)
FN:56,(anonymous_3)
FN:60,(anonymous_4)
FN:67,(anonymous_5)
FN:74,getStatus
FN:77,(anonymous_7)
FN:84,(anonymous_8)
FN:91,(anonymous_9)
FN:98,(anonymous_10)
FN:116,(anonymous_11)
FN:117,(anonymous_12)
FN:118,(anonymous_13)
FN:120,(anonymous_14)
FN:142,(anonymous_15)
FN:152,(anonymous_16)
FN:156,(anonymous_17)
FN:175,(anonymous_18)
FN:181,(anonymous_19)
FN:185,(anonymous_20)
FN:189,(anonymous_21)
FN:193,(anonymous_22)
FN:198,(anonymous_23)
FN:199,(anonymous_24)
FNF:25
FNH:0
FNDA:0,ManageStore
FNDA:0,(anonymous_1)
FNDA:0,(anonymous_2)
FNDA:0,(anonymous_3)
FNDA:0,(anonymous_4)
FNDA:0,(anonymous_5)
FNDA:0,getStatus
FNDA:0,(anonymous_7)
FNDA:0,(anonymous_8)
FNDA:0,(anonymous_9)
FNDA:0,(anonymous_10)
FNDA:0,(anonymous_11)
FNDA:0,(anonymous_12)
FNDA:0,(anonymous_13)
FNDA:0,(anonymous_14)
FNDA:0,(anonymous_15)
FNDA:0,(anonymous_16)
FNDA:0,(anonymous_17)
FNDA:0,(anonymous_18)
FNDA:0,(anonymous_19)
FNDA:0,(anonymous_20)
FNDA:0,(anonymous_21)
FNDA:0,(anonymous_22)
FNDA:0,(anonymous_23)
FNDA:0,(anonymous_24)
DA:17,0
DA:39,0
DA:41,0
DA:42,0
DA:43,0
DA:45,0
DA:47,0
DA:48,0
DA:49,0
DA:50,0
DA:52,0
DA:53,0
DA:56,0
DA:57,0
DA:60,0
DA:61,0
DA:62,0
DA:63,0
DA:64,0
DA:67,0
DA:68,0
DA:69,0
DA:70,0
DA:71,0
DA:75,0
DA:77,0
DA:82,0
DA:84,0
DA:89,0
DA:91,0
DA:96,0
DA:98,0
DA:116,0
DA:117,0
DA:118,0
DA:120,0
DA:143,0
DA:152,0
DA:156,0
DA:175,0
DA:181,0
DA:185,0
DA:189,0
DA:193,0
DA:198,0
DA:199,0
LF:46
LH:0
BRDA:75,0,0,0
BRDA:75,0,1,0
BRDA:82,1,0,0
BRDA:82,1,1,0
BRDA:89,2,0,0
BRDA:89,2,1,0
BRDA:96,3,0,0
BRDA:119,4,0,0
BRDA:119,4,1,0
BRDA:119,5,0,0
BRDA:119,5,1,0
BRDA:138,6,0,0
BRDA:138,6,1,0
BRDA:138,7,0,0
BRDA:138,7,1,0
BRF:15
BRH:0
end_of_record
TN:
SF:src\pages\profile.jsx
FN:16,Profile
FN:20,(anonymous_1)
FN:47,(anonymous_2)
FN:50,(anonymous_3)
FN:53,(anonymous_4)
FN:58,(anonymous_5)
FN:63,(anonymous_6)
FN:66,(anonymous_7)
FN:73,(anonymous_8)
FN:78,(anonymous_9)
FN:94,(anonymous_10)
FN:96,(anonymous_11)
FN:98,(anonymous_12)
FN:99,(anonymous_13)
FNF:14
FNH:0
FNDA:0,Profile
FNDA:0,(anonymous_1)
FNDA:0,(anonymous_2)
FNDA:0,(anonymous_3)
FNDA:0,(anonymous_4)
FNDA:0,(anonymous_5)
FNDA:0,(anonymous_6)
FNDA:0,(anonymous_7)
FNDA:0,(anonymous_8)
FNDA:0,(anonymous_9)
FNDA:0,(anonymous_10)
FNDA:0,(anonymous_11)
FNDA:0,(anonymous_12)
FNDA:0,(anonymous_13)
DA:18,0
DA:20,0
DA:22,0
DA:23,0
DA:24,0
DA:25,0
DA:27,0
DA:47,0
DA:50,0
DA:51,0
DA:52,0
DA:54,0
DA:55,0
DA:59,0
DA:63,0
DA:64,0
DA:66,0
DA:72,0
DA:73,0
DA:77,0
DA:78,0
DA:94,0
DA:96,0
DA:98,0
DA:99,0
LF:25
LH:0
BRDA:54,0,0,0
BRDA:64,1,0,0
BRDA:64,1,1,0
BRDA:72,2,0,0
BRDA:72,2,1,0
BRDA:77,3,0,0
BRDA:98,4,0,0
BRDA:98,4,1,0
BRF:8
BRH:0
end_of_record
TN:
SF:src\pages\questionnaire.jsx
FN:8,Questionnaire
FN:80,(anonymous_9)
FN:82,(anonymous_10)
FN:86,(anonymous_11)
FN:91,(anonymous_12)
FN:97,(anonymous_13)
FN:107,(anonymous_15)
FN:124,(anonymous_17)
FN:138,(anonymous_19)
FN:163,(anonymous_22)
FN:184,(anonymous_23)
FN:187,(anonymous_24)
FN:193,(anonymous_25)
FN:225,(anonymous_26)
FN:226,(anonymous_27)
FN:229,(anonymous_28)
FN:230,(anonymous_29)
FN:235,(anonymous_30)
FN:255,(anonymous_31)
FN:256,(anonymous_32)
FN:259,(anonymous_33)
FN:260,(anonymous_34)
FN:263,(anonymous_35)
FN:264,(anonymous_36)
FN:267,(anonymous_37)
FN:268,(anonymous_38)
FN:273,(anonymous_39)
FN:274,(anonymous_40)
FN:294,(anonymous_41)
FN:295,(anonymous_42)
FN:298,(anonymous_43)
FN:299,(anonymous_44)
FN:302,(anonymous_45)
FN:303,(anonymous_46)
FN:306,(anonymous_47)
FN:307,(anonymous_48)
FN:310,(anonymous_49)
FN:311,(anonymous_50)
FN:314,(anonymous_51)
FN:315,(anonymous_52)
FN:320,(anonymous_53)
FN:321,(anonymous_54)
FN:342,(anonymous_55)
FN:343,(anonymous_56)
FN:346,(anonymous_57)
FN:347,(anonymous_58)
FN:352,(anonymous_59)
FN:353,(anonymous_60)
FN:375,(anonymous_61)
FN:376,(anonymous_62)
FN:379,(anonymous_63)
FN:380,(anonymous_64)
FN:383,(anonymous_65)
FN:384,(anonymous_66)
FN:387,(anonymous_67)
FN:388,(anonymous_68)
FN:391,(anonymous_69)
FN:392,(anonymous_70)
FN:395,(anonymous_71)
FN:396,(anonymous_72)
FN:401,(anonymous_73)
FN:402,(anonymous_74)
FN:424,(anonymous_75)
FN:425,(anonymous_76)
FN:428,(anonymous_77)
FN:429,(anonymous_78)
FN:432,(anonymous_79)
FN:433,(anonymous_80)
FN:436,(anonymous_81)
FN:437,(anonymous_82)
FN:440,(anonymous_83)
FN:441,(anonymous_84)
FN:444,(anonymous_85)
FN:445,(anonymous_86)
FN:448,(anonymous_87)
FN:449,(anonymous_88)
FN:452,(anonymous_89)
FN:453,(anonymous_90)
FN:456,(anonymous_91)
FN:457,(anonymous_92)
FN:460,(anonymous_93)
FN:461,(anonymous_94)
FN:466,(anonymous_95)
FN:467,(anonymous_96)
FN:489,(anonymous_97)
FN:490,(anonymous_98)
FN:493,(anonymous_99)
FN:494,(anonymous_100)
FN:497,(anonymous_101)
FN:498,(anonymous_102)
FN:501,(anonymous_103)
FN:502,(anonymous_104)
FN:505,(anonymous_105)
FN:506,(anonymous_106)
FN:511,(anonymous_107)
FN:512,(anonymous_108)
FN:533,(anonymous_109)
FN:534,(anonymous_110)
FN:537,(anonymous_111)
FN:538,(anonymous_112)
FN:541,(anonymous_113)
FN:542,(anonymous_114)
FN:545,(anonymous_115)
FN:546,(anonymous_116)
FN:549,(anonymous_117)
FN:550,(anonymous_118)
FN:555,(anonymous_119)
FN:556,(anonymous_120)
FN:578,(anonymous_121)
FN:579,(anonymous_122)
FN:582,(anonymous_123)
FN:583,(anonymous_124)
FN:586,(anonymous_125)
FN:587,(anonymous_126)
FN:590,(anonymous_127)
FN:591,(anonymous_128)
FN:594,(anonymous_129)
FN:595,(anonymous_130)
FN:600,(anonymous_131)
FN:601,(anonymous_132)
FN:623,(anonymous_133)
FN:628,(anonymous_134)
FN:629,(anonymous_135)
FNF:123
FNH:0
FNDA:0,Questionnaire
FNDA:0,(anonymous_9)
FNDA:0,(anonymous_10)
FNDA:0,(anonymous_11)
FNDA:0,(anonymous_12)
FNDA:0,(anonymous_13)
FNDA:0,(anonymous_15)
FNDA:0,(anonymous_17)
FNDA:0,(anonymous_19)
FNDA:0,(anonymous_22)
FNDA:0,(anonymous_23)
FNDA:0,(anonymous_24)
FNDA:0,(anonymous_25)
FNDA:0,(anonymous_26)
FNDA:0,(anonymous_27)
FNDA:0,(anonymous_28)
FNDA:0,(anonymous_29)
FNDA:0,(anonymous_30)
FNDA:0,(anonymous_31)
FNDA:0,(anonymous_32)
FNDA:0,(anonymous_33)
FNDA:0,(anonymous_34)
FNDA:0,(anonymous_35)
FNDA:0,(anonymous_36)
FNDA:0,(anonymous_37)
FNDA:0,(anonymous_38)
FNDA:0,(anonymous_39)
FNDA:0,(anonymous_40)
FNDA:0,(anonymous_41)
FNDA:0,(anonymous_42)
FNDA:0,(anonymous_43)
FNDA:0,(anonymous_44)
FNDA:0,(anonymous_45)
FNDA:0,(anonymous_46)
FNDA:0,(anonymous_47)
FNDA:0,(anonymous_48)
FNDA:0,(anonymous_49)
FNDA:0,(anonymous_50)
FNDA:0,(anonymous_51)
FNDA:0,(anonymous_52)
FNDA:0,(anonymous_53)
FNDA:0,(anonymous_54)
FNDA:0,(anonymous_55)
FNDA:0,(anonymous_56)
FNDA:0,(anonymous_57)
FNDA:0,(anonymous_58)
FNDA:0,(anonymous_59)
FNDA:0,(anonymous_60)
FNDA:0,(anonymous_61)
FNDA:0,(anonymous_62)
FNDA:0,(anonymous_63)
FNDA:0,(anonymous_64)
FNDA:0,(anonymous_65)
FNDA:0,(anonymous_66)
FNDA:0,(anonymous_67)
FNDA:0,(anonymous_68)
FNDA:0,(anonymous_69)
FNDA:0,(anonymous_70)
FNDA:0,(anonymous_71)
FNDA:0,(anonymous_72)
FNDA:0,(anonymous_73)
FNDA:0,(anonymous_74)
FNDA:0,(anonymous_75)
FNDA:0,(anonymous_76)
FNDA:0,(anonymous_77)
FNDA:0,(anonymous_78)
FNDA:0,(anonymous_79)
FNDA:0,(anonymous_80)
FNDA:0,(anonymous_81)
FNDA:0,(anonymous_82)
FNDA:0,(anonymous_83)
FNDA:0,(anonymous_84)
FNDA:0,(anonymous_85)
FNDA:0,(anonymous_86)
FNDA:0,(anonymous_87)
FNDA:0,(anonymous_88)
FNDA:0,(anonymous_89)
FNDA:0,(anonymous_90)
FNDA:0,(anonymous_91)
FNDA:0,(anonymous_92)
FNDA:0,(anonymous_93)
FNDA:0,(anonymous_94)
FNDA:0,(anonymous_95)
FNDA:0,(anonymous_96)
FNDA:0,(anonymous_97)
FNDA:0,(anonymous_98)
FNDA:0,(anonymous_99)
FNDA:0,(anonymous_100)
FNDA:0,(anonymous_101)
FNDA:0,(anonymous_102)
FNDA:0,(anonymous_103)
FNDA:0,(anonymous_104)
FNDA:0,(anonymous_105)
FNDA:0,(anonymous_106)
FNDA:0,(anonymous_107)
FNDA:0,(anonymous_108)
FNDA:0,(anonymous_109)
FNDA:0,(anonymous_110)
FNDA:0,(anonymous_111)
FNDA:0,(anonymous_112)
FNDA:0,(anonymous_113)
FNDA:0,(anonymous_114)
FNDA:0,(anonymous_115)
FNDA:0,(anonymous_116)
FNDA:0,(anonymous_117)
FNDA:0,(anonymous_118)
FNDA:0,(anonymous_119)
FNDA:0,(anonymous_120)
FNDA:0,(anonymous_121)
FNDA:0,(anonymous_122)
FNDA:0,(anonymous_123)
FNDA:0,(anonymous_124)
FNDA:0,(anonymous_125)
FNDA:0,(anonymous_126)
FNDA:0,(anonymous_127)
FNDA:0,(anonymous_128)
FNDA:0,(anonymous_129)
FNDA:0,(anonymous_130)
FNDA:0,(anonymous_131)
FNDA:0,(anonymous_132)
FNDA:0,(anonymous_133)
FNDA:0,(anonymous_134)
FNDA:0,(anonymous_135)
DA:9,0
DA:12,0
DA:15,0
DA:16,0
DA:18,0
DA:19,0
DA:21,0
DA:80,0
DA:81,0
DA:83,0
DA:84,0
DA:87,0
DA:91,0
DA:92,0
DA:93,0
DA:97,0
DA:107,0
DA:124,0
DA:138,0
DA:139,0
DA:163,0
DA:164,0
DA:183,0
DA:185,0
DA:186,0
DA:187,0
DA:188,0
DA:189,0
DA:194,0
DA:198,0
DA:200,0
DA:225,0
DA:226,0
DA:229,0
DA:230,0
DA:235,0
DA:255,0
DA:256,0
DA:259,0
DA:260,0
DA:263,0
DA:264,0
DA:267,0
DA:268,0
DA:273,0
DA:274,0
DA:294,0
DA:295,0
DA:298,0
DA:299,0
DA:302,0
DA:303,0
DA:306,0
DA:307,0
DA:310,0
DA:311,0
DA:314,0
DA:315,0
DA:320,0
DA:321,0
DA:342,0
DA:343,0
DA:346,0
DA:347,0
DA:352,0
DA:353,0
DA:375,0
DA:376,0
DA:379,0
DA:380,0
DA:383,0
DA:384,0
DA:387,0
DA:388,0
DA:391,0
DA:392,0
DA:395,0
DA:396,0
DA:401,0
DA:402,0
DA:424,0
DA:425,0
DA:428,0
DA:429,0
DA:432,0
DA:433,0
DA:436,0
DA:437,0
DA:440,0
DA:441,0
DA:444,0
DA:445,0
DA:448,0
DA:449,0
DA:452,0
DA:453,0
DA:456,0
DA:457,0
DA:460,0
DA:461,0
DA:466,0
DA:467,0
DA:489,0
DA:490,0
DA:493,0
DA:494,0
DA:497,0
DA:498,0
DA:501,0
DA:502,0
DA:505,0
DA:506,0
DA:511,0
DA:512,0
DA:533,0
DA:534,0
DA:537,0
DA:538,0
DA:541,0
DA:542,0
DA:545,0
DA:546,0
DA:549,0
DA:550,0
DA:555,0
DA:556,0
DA:578,0
DA:579,0
DA:582,0
DA:583,0
DA:586,0
DA:587,0
DA:590,0
DA:591,0
DA:594,0
DA:595,0
DA:600,0
DA:601,0
DA:623,0
DA:628,0
DA:629,0
DA:671,0
LF:142
LH:0
BRDA:92,0,0,0
BRDA:92,1,0,0
BRDA:92,1,1,0
BRDA:139,2,0,0
BRDA:139,2,1,0
BRDA:185,3,0,0
BRDA:186,4,0,0
BRDA:200,5,0,0
BRDA:200,5,1,0
BRDA:211,6,0,0
BRDA:226,7,0,0
BRDA:226,7,1,0
BRDA:230,8,0,0
BRDA:230,8,1,0
BRDA:241,9,0,0
BRDA:256,10,0,0
BRDA:256,10,1,0
BRDA:260,11,0,0
BRDA:260,11,1,0
BRDA:264,12,0,0
BRDA:264,12,1,0
BRDA:268,13,0,0
BRDA:268,13,1,0
BRDA:280,14,0,0
BRDA:295,15,0,0
BRDA:295,15,1,0
BRDA:299,16,0,0
BRDA:299,16,1,0
BRDA:303,17,0,0
BRDA:303,17,1,0
BRDA:307,18,0,0
BRDA:307,18,1,0
BRDA:311,19,0,0
BRDA:311,19,1,0
BRDA:315,20,0,0
BRDA:315,20,1,0
BRDA:328,21,0,0
BRDA:343,22,0,0
BRDA:343,22,1,0
BRDA:347,23,0,0
BRDA:347,23,1,0
BRDA:361,24,0,0
BRDA:375,25,0,0
BRDA:375,25,1,0
BRDA:376,26,0,0
BRDA:376,26,1,0
BRDA:376,27,0,0
BRDA:376,27,1,0
BRDA:379,28,0,0
BRDA:379,28,1,0
BRDA:380,29,0,0
BRDA:380,29,1,0
BRDA:380,30,0,0
BRDA:380,30,1,0
BRDA:383,31,0,0
BRDA:383,31,1,0
BRDA:384,32,0,0
BRDA:384,32,1,0
BRDA:384,33,0,0
BRDA:384,33,1,0
BRDA:387,34,0,0
BRDA:387,34,1,0
BRDA:388,35,0,0
BRDA:388,35,1,0
BRDA:388,36,0,0
BRDA:388,36,1,0
BRDA:391,37,0,0
BRDA:391,37,1,0
BRDA:392,38,0,0
BRDA:392,38,1,0
BRDA:392,39,0,0
BRDA:392,39,1,0
BRDA:395,40,0,0
BRDA:395,40,1,0
BRDA:396,41,0,0
BRDA:396,41,1,0
BRDA:396,42,0,0
BRDA:396,42,1,0
BRDA:402,43,0,0
BRDA:402,43,1,0
BRDA:410,44,0,0
BRDA:425,45,0,0
BRDA:425,45,1,0
BRDA:429,46,0,0
BRDA:429,46,1,0
BRDA:433,47,0,0
BRDA:433,47,1,0
BRDA:437,48,0,0
BRDA:437,48,1,0
BRDA:441,49,0,0
BRDA:441,49,1,0
BRDA:445,50,0,0
BRDA:445,50,1,0
BRDA:449,51,0,0
BRDA:449,51,1,0
BRDA:453,52,0,0
BRDA:453,52,1,0
BRDA:457,53,0,0
BRDA:457,53,1,0
BRDA:461,54,0,0
BRDA:461,54,1,0
BRDA:475,55,0,0
BRDA:490,56,0,0
BRDA:490,56,1,0
BRDA:494,57,0,0
BRDA:494,57,1,0
BRDA:498,58,0,0
BRDA:498,58,1,0
BRDA:502,59,0,0
BRDA:502,59,1,0
BRDA:506,60,0,0
BRDA:506,60,1,0
BRDA:519,61,0,0
BRDA:534,62,0,0
BRDA:534,62,1,0
BRDA:538,63,0,0
BRDA:538,63,1,0
BRDA:542,64,0,0
BRDA:542,64,1,0
BRDA:546,65,0,0
BRDA:546,65,1,0
BRDA:550,66,0,0
BRDA:550,66,1,0
BRDA:564,67,0,0
BRDA:579,68,0,0
BRDA:579,68,1,0
BRDA:583,69,0,0
BRDA:583,69,1,0
BRDA:587,70,0,0
BRDA:587,70,1,0
BRDA:591,71,0,0
BRDA:591,71,1,0
BRDA:595,72,0,0
BRDA:595,72,1,0
BRDA:609,73,0,0
BRDA:635,74,0,0
BRDA:651,75,0,0
BRF:137
BRH:0
end_of_record
TN:
SF:src\pages\reviewpage.jsx
FN:17,ReviewPage
FN:57,(anonymous_1)
FN:59,(anonymous_2)
FN:78,(anonymous_3)
FN:83,(anonymous_4)
FN:87,(anonymous_5)
FN:92,(anonymous_6)
FN:98,(anonymous_7)
FN:109,(anonymous_8)
FN:110,(anonymous_9)
FN:123,(anonymous_10)
FN:124,(anonymous_11)
FN:132,(anonymous_12)
FN:138,(anonymous_13)
FN:143,(anonymous_14)
FN:149,(anonymous_15)
FN:151,(anonymous_16)
FN:156,(anonymous_17)
FN:161,(anonymous_18)
FN:239,(anonymous_19)
FN:239,(anonymous_20)
FN:240,(anonymous_21)
FN:246,(anonymous_22)
FN:252,(anonymous_23)
FN:276,(anonymous_24)
FN:294,(anonymous_25)
FN:306,(anonymous_26)
FN:339,(anonymous_27)
FN:503,(anonymous_28)
FN:504,(anonymous_29)
FN:523,(anonymous_30)
FN:530,(anonymous_31)
FN:542,(anonymous_32)
FNF:33
FNH:0
FNDA:0,ReviewPage
FNDA:0,(anonymous_1)
FNDA:0,(anonymous_2)
FNDA:0,(anonymous_3)
FNDA:0,(anonymous_4)
FNDA:0,(anonymous_5)
FNDA:0,(anonymous_6)
FNDA:0,(anonymous_7)
FNDA:0,(anonymous_8)
FNDA:0,(anonymous_9)
FNDA:0,(anonymous_10)
FNDA:0,(anonymous_11)
FNDA:0,(anonymous_12)
FNDA:0,(anonymous_13)
FNDA:0,(anonymous_14)
FNDA:0,(anonymous_15)
FNDA:0,(anonymous_16)
FNDA:0,(anonymous_17)
FNDA:0,(anonymous_18)
FNDA:0,(anonymous_19)
FNDA:0,(anonymous_20)
FNDA:0,(anonymous_21)
FNDA:0,(anonymous_22)
FNDA:0,(anonymous_23)
FNDA:0,(anonymous_24)
FNDA:0,(anonymous_25)
FNDA:0,(anonymous_26)
FNDA:0,(anonymous_27)
FNDA:0,(anonymous_28)
FNDA:0,(anonymous_29)
FNDA:0,(anonymous_30)
FNDA:0,(anonymous_31)
FNDA:0,(anonymous_32)
DA:20,0
DA:21,0
DA:23,0
DA:24,0
DA:26,0
DA:27,0
DA:29,0
DA:30,0
DA:32,0
DA:33,0
DA:36,0
DA:37,0
DA:38,0
DA:41,0
DA:42,0
DA:43,0
DA:44,0
DA:45,0
DA:46,0
DA:47,0
DA:48,0
DA:49,0
DA:50,0
DA:51,0
DA:52,0
DA:53,0
DA:54,0
DA:55,0
DA:57,0
DA:58,0
DA:60,0
DA:61,0
DA:62,0
DA:63,0
DA:64,0
DA:65,0
DA:66,0
DA:67,0
DA:68,0
DA:69,0
DA:70,0
DA:71,0
DA:72,0
DA:73,0
DA:74,0
DA:76,0
DA:79,0
DA:83,0
DA:84,0
DA:85,0
DA:86,0
DA:88,0
DA:89,0
DA:90,0
DA:93,0
DA:98,0
DA:100,0
DA:102,0
DA:104,0
DA:106,0
DA:107,0
DA:108,0
DA:109,0
DA:110,0
DA:121,0
DA:122,0
DA:123,0
DA:124,0
DA:128,0
DA:132,0
DA:133,0
DA:134,0
DA:137,0
DA:139,0
DA:140,0
DA:141,0
DA:144,0
DA:149,0
DA:150,0
DA:152,0
DA:153,0
DA:154,0
DA:157,0
DA:161,0
DA:162,0
DA:163,0
DA:164,0
DA:167,0
DA:168,0
DA:169,0
DA:181,0
DA:182,0
DA:183,0
DA:195,0
DA:196,0
DA:197,0
DA:210,0
DA:211,0
DA:224,0
DA:225,0
DA:239,0
DA:240,0
DA:246,0
DA:252,0
DA:276,0
DA:294,0
DA:306,0
DA:340,0
DA:503,0
DA:504,0
DA:523,0
DA:530,0
DA:542,0
LF:113
LH:0
BRDA:85,0,0,0
BRDA:106,1,0,0
BRDA:106,1,1,0
BRDA:108,2,0,0
BRDA:108,2,1,0
BRDA:122,3,0,0
BRDA:122,3,1,0
BRDA:134,4,0,0
BRDA:163,5,0,0
BRDA:167,6,0,0
BRDA:167,6,1,0
BRDA:167,7,0,0
BRDA:167,7,1,0
BRDA:167,7,2,0
BRDA:167,7,3,0
BRDA:167,7,4,0
BRDA:167,7,5,0
BRDA:167,7,6,0
BRDA:167,7,7,0
BRDA:167,7,8,0
BRDA:169,8,0,0
BRDA:169,8,1,0
BRDA:181,9,0,0
BRDA:181,9,1,0
BRDA:181,10,0,0
BRDA:181,10,1,0
BRDA:181,10,2,0
BRDA:181,10,3,0
BRDA:181,10,4,0
BRDA:181,10,5,0
BRDA:183,11,0,0
BRDA:183,11,1,0
BRDA:195,12,0,0
BRDA:195,12,1,0
BRDA:195,13,0,0
BRDA:195,13,1,0
BRDA:195,13,2,0
BRDA:197,14,0,0
BRDA:197,14,1,0
BRDA:211,15,0,0
BRDA:211,15,1,0
BRDA:239,16,0,0
BRDA:239,16,1,0
BRDA:246,17,0,0
BRDA:246,17,1,0
BRDA:339,18,0,0
BRDA:342,19,0,0
BRDA:342,19,1,0
BRDA:343,20,0,0
BRDA:343,20,1,0
BRDA:348,21,0,0
BRDA:349,22,0,0
BRDA:354,23,0,0
BRDA:354,23,1,0
BRDA:355,24,0,0
BRDA:355,24,1,0
BRDA:358,25,0,0
BRDA:367,26,0,0
BRDA:376,27,0,0
BRDA:385,28,0,0
BRDA:394,29,0,0
BRDA:406,30,0,0
BRDA:415,31,0,0
BRDA:424,32,0,0
BRDA:433,33,0,0
BRDA:442,34,0,0
BRDA:455,35,0,0
BRDA:464,36,0,0
BRDA:473,37,0,0
BRDA:482,38,0,0
BRDA:491,39,0,0
BRDA:501,40,0,0
BRDA:501,40,1,0
BRDA:503,41,0,0
BRDA:504,42,0,0
BRDA:523,43,0,0
BRDA:530,44,0,0
BRDA:552,45,0,0
BRDA:553,46,0,0
BRDA:588,47,0,0
BRDA:597,48,0,0
BRDA:606,49,0,0
BRDA:615,50,0,0
BRDA:624,51,0,0
BRDA:637,52,0,0
BRDA:646,53,0,0
BRDA:655,54,0,0
BRDA:664,55,0,0
BRDA:673,56,0,0
BRDA:686,57,0,0
BRDA:695,58,0,0
BRDA:704,59,0,0
BRDA:713,60,0,0
BRDA:722,61,0,0
BRF:94
BRH:0
end_of_record
TN:
SF:src\store\index.js
FNF:0
FNH:0
DA:5,0
LF:1
LH:0
BRF:0
BRH:0
end_of_record
